{"/home/travis/build/npmtest/node-npmtest-gift/test.js":{"path":"/home/travis/build/npmtest/node-npmtest-gift/test.js","s":{"1":2,"2":2,"3":2,"4":2,"5":2,"6":2,"7":2,"8":1,"9":2,"10":2,"11":1,"12":1,"13":1,"14":1,"15":2,"16":2,"17":2,"18":2,"19":1,"20":1,"21":2,"22":2,"23":2,"24":1,"25":1,"26":1,"27":1,"28":1,"29":1,"30":1,"31":1,"32":1,"33":1,"34":1,"35":1,"36":1,"37":2,"38":2,"39":1,"40":2,"41":2,"42":1,"43":2,"44":2,"45":1,"46":2,"47":2,"48":1,"49":1,"50":1,"51":1,"52":1},"b":{"1":[2,1,1,1],"2":[1,1,1,1],"3":[1,1],"4":[1,1],"5":[1,1],"6":[1,1],"7":[1,1],"8":[1,1],"9":[1,1,1],"10":[1,1],"11":[1,1],"12":[1,1],"13":[1,1],"14":[1,1],"15":[1,1],"16":[1,1]},"f":{"1":2,"2":2,"3":2,"4":2,"5":2,"6":1,"7":1,"8":2,"9":2,"10":2,"11":2,"12":1},"fnMap":{"1":{"name":"(anonymous_1)","line":12,"loc":{"start":{"line":12,"column":1},"end":{"line":12,"column":13}}},"2":{"name":"(anonymous_2)","line":19,"loc":{"start":{"line":19,"column":5},"end":{"line":19,"column":17}}},"3":{"name":"(anonymous_3)","line":23,"loc":{"start":{"line":23,"column":24},"end":{"line":23,"column":36}}},"4":{"name":"(anonymous_4)","line":61,"loc":{"start":{"line":61,"column":5},"end":{"line":61,"column":17}}},"5":{"name":"(anonymous_5)","line":82,"loc":{"start":{"line":82,"column":5},"end":{"line":82,"column":17}}},"6":{"name":"(anonymous_6)","line":102,"loc":{"start":{"line":102,"column":83},"end":{"line":105,"column":10}},"skip":true},"7":{"name":"(anonymous_7)","line":113,"loc":{"start":{"line":113,"column":77},"end":{"line":116,"column":10}},"skip":true},"8":{"name":"(anonymous_8)","line":129,"loc":{"start":{"line":129,"column":12},"end":{"line":129,"column":40}},"skip":true},"9":{"name":"(anonymous_9)","line":137,"loc":{"start":{"line":137,"column":77},"end":{"line":140,"column":10}},"skip":true},"10":{"name":"(anonymous_10)","line":148,"loc":{"start":{"line":148,"column":83},"end":{"line":151,"column":10}},"skip":true},"11":{"name":"(anonymous_11)","line":159,"loc":{"start":{"line":159,"column":79},"end":{"line":162,"column":10}},"skip":true},"12":{"name":"(anonymous_12)","line":170,"loc":{"start":{"line":170,"column":75},"end":{"line":173,"column":10}},"skip":true}},"statementMap":{"1":{"start":{"line":12,"column":0},"end":{"line":185,"column":5}},"2":{"start":{"line":14,"column":4},"end":{"line":14,"column":14}},"3":{"start":{"line":19,"column":4},"end":{"line":56,"column":9}},"4":{"start":{"line":21,"column":8},"end":{"line":21,"column":19}},"5":{"start":{"line":23,"column":8},"end":{"line":35,"column":13}},"6":{"start":{"line":24,"column":12},"end":{"line":34,"column":13}},"7":{"start":{"line":25,"column":16},"end":{"line":28,"column":30}},"8":{"start":{"line":30,"column":16},"end":{"line":33,"column":27}},"9":{"start":{"line":37,"column":8},"end":{"line":39,"column":21}},"10":{"start":{"line":40,"column":8},"end":{"line":53,"column":9}},"11":{"start":{"line":43,"column":12},"end":{"line":46,"column":14}},"12":{"start":{"line":47,"column":12},"end":{"line":47,"column":18}},"13":{"start":{"line":50,"column":12},"end":{"line":51,"column":46}},"14":{"start":{"line":52,"column":12},"end":{"line":52,"column":18}},"15":{"start":{"line":55,"column":8},"end":{"line":55,"column":35}},"16":{"start":{"line":61,"column":4},"end":{"line":63,"column":9}},"17":{"start":{"line":62,"column":8},"end":{"line":62,"column":15}},"18":{"start":{"line":64,"column":4},"end":{"line":77,"column":5}},"19":{"start":{"line":70,"column":8},"end":{"line":70,"column":14}},"20":{"start":{"line":76,"column":8},"end":{"line":76,"column":14}},"21":{"start":{"line":82,"column":4},"end":{"line":84,"column":9}},"22":{"start":{"line":83,"column":8},"end":{"line":83,"column":15}},"23":{"start":{"line":85,"column":4},"end":{"line":184,"column":5}},"24":{"start":{"line":92,"column":8},"end":{"line":94,"column":63}},"25":{"start":{"line":95,"column":8},"end":{"line":95,"column":14}},"26":{"start":{"line":102,"column":8},"end":{"line":111,"column":10},"skip":true},"27":{"start":{"line":109,"column":12},"end":{"line":109,"column":55},"skip":true},"28":{"start":{"line":110,"column":12},"end":{"line":110,"column":48},"skip":true},"29":{"start":{"line":113,"column":8},"end":{"line":126,"column":10},"skip":true},"30":{"start":{"line":120,"column":12},"end":{"line":120,"column":76},"skip":true},"31":{"start":{"line":121,"column":12},"end":{"line":121,"column":73},"skip":true},"32":{"start":{"line":122,"column":12},"end":{"line":122,"column":74},"skip":true},"33":{"start":{"line":123,"column":12},"end":{"line":123,"column":79},"skip":true},"34":{"start":{"line":124,"column":12},"end":{"line":124,"column":25},"skip":true},"35":{"start":{"line":125,"column":12},"end":{"line":125,"column":45},"skip":true},"36":{"start":{"line":128,"column":8},"end":{"line":135,"column":14},"skip":true},"37":{"start":{"line":133,"column":16},"end":{"line":133,"column":29},"skip":true},"38":{"start":{"line":134,"column":16},"end":{"line":134,"column":55},"skip":true},"39":{"start":{"line":137,"column":8},"end":{"line":146,"column":10},"skip":true},"40":{"start":{"line":144,"column":12},"end":{"line":144,"column":25},"skip":true},"41":{"start":{"line":145,"column":12},"end":{"line":145,"column":45},"skip":true},"42":{"start":{"line":148,"column":8},"end":{"line":157,"column":10},"skip":true},"43":{"start":{"line":155,"column":12},"end":{"line":155,"column":25},"skip":true},"44":{"start":{"line":156,"column":12},"end":{"line":156,"column":48},"skip":true},"45":{"start":{"line":159,"column":8},"end":{"line":168,"column":10},"skip":true},"46":{"start":{"line":166,"column":12},"end":{"line":166,"column":25},"skip":true},"47":{"start":{"line":167,"column":12},"end":{"line":167,"column":46},"skip":true},"48":{"start":{"line":170,"column":8},"end":{"line":179,"column":10},"skip":true},"49":{"start":{"line":177,"column":12},"end":{"line":177,"column":94},"skip":true},"50":{"start":{"line":178,"column":12},"end":{"line":178,"column":48},"skip":true},"51":{"start":{"line":182,"column":8},"end":{"line":182,"column":35},"skip":true},"52":{"start":{"line":183,"column":8},"end":{"line":183,"column":14},"skip":true}},"branchMap":{"1":{"line":25,"type":"binary-expr","locations":[{"start":{"line":25,"column":23},"end":{"line":25,"column":62}},{"start":{"line":26,"column":20},"end":{"line":26,"column":70}},{"start":{"line":27,"column":20},"end":{"line":27,"column":71}},{"start":{"line":28,"column":20},"end":{"line":28,"column":29}}]},"2":{"line":30,"type":"binary-expr","locations":[{"start":{"line":30,"column":23},"end":{"line":30,"column":37}},{"start":{"line":31,"column":20},"end":{"line":31,"column":61}},{"start":{"line":32,"column":20},"end":{"line":32,"column":70}},{"start":{"line":33,"column":20},"end":{"line":33,"column":26}}]},"3":{"line":37,"type":"cond-expr","locations":[{"start":{"line":38,"column":14},"end":{"line":38,"column":20}},{"start":{"line":39,"column":14},"end":{"line":39,"column":20}}]},"4":{"line":40,"type":"switch","locations":[{"start":{"line":42,"column":8},"end":{"line":47,"column":18}},{"start":{"line":49,"column":8},"end":{"line":52,"column":18}}]},"5":{"line":44,"type":"binary-expr","locations":[{"start":{"line":44,"column":16},"end":{"line":44,"column":44}},{"start":{"line":44,"column":48},"end":{"line":44,"column":66}}]},"6":{"line":50,"type":"binary-expr","locations":[{"start":{"line":50,"column":21},"end":{"line":50,"column":49}},{"start":{"line":50,"column":53},"end":{"line":50,"column":72}}]},"7":{"line":64,"type":"switch","locations":[{"start":{"line":69,"column":4},"end":{"line":70,"column":14}},{"start":{"line":75,"column":4},"end":{"line":76,"column":14}}]},"8":{"line":85,"type":"switch","locations":[{"start":{"line":90,"column":4},"end":{"line":95,"column":14}},{"start":{"line":101,"column":4},"end":{"line":183,"column":14},"skip":true}]},"9":{"line":92,"type":"binary-expr","locations":[{"start":{"line":92,"column":18},"end":{"line":92,"column":32}},{"start":{"line":93,"column":12},"end":{"line":93,"column":53}},{"start":{"line":94,"column":12},"end":{"line":94,"column":61}}]},"10":{"line":102,"type":"binary-expr","locations":[{"start":{"line":102,"column":45},"end":{"line":102,"column":79},"skip":true},{"start":{"line":102,"column":83},"end":{"line":111,"column":9},"skip":true}]},"11":{"line":113,"type":"binary-expr","locations":[{"start":{"line":113,"column":42},"end":{"line":113,"column":73},"skip":true},{"start":{"line":113,"column":77},"end":{"line":126,"column":9},"skip":true}]},"12":{"line":128,"type":"binary-expr","locations":[{"start":{"line":128,"column":48},"end":{"line":128,"column":85},"skip":true},{"start":{"line":129,"column":12},"end":{"line":135,"column":13},"skip":true}]},"13":{"line":137,"type":"binary-expr","locations":[{"start":{"line":137,"column":42},"end":{"line":137,"column":73},"skip":true},{"start":{"line":137,"column":77},"end":{"line":146,"column":9},"skip":true}]},"14":{"line":148,"type":"binary-expr","locations":[{"start":{"line":148,"column":45},"end":{"line":148,"column":79},"skip":true},{"start":{"line":148,"column":83},"end":{"line":157,"column":9},"skip":true}]},"15":{"line":159,"type":"binary-expr","locations":[{"start":{"line":159,"column":43},"end":{"line":159,"column":75},"skip":true},{"start":{"line":159,"column":79},"end":{"line":168,"column":9},"skip":true}]},"16":{"line":170,"type":"binary-expr","locations":[{"start":{"line":170,"column":41},"end":{"line":170,"column":71},"skip":true},{"start":{"line":170,"column":75},"end":{"line":179,"column":9},"skip":true}]}},"code":["/* istanbul instrument in package npmtest_gift */","/*jslint","    bitwise: true,","    browser: true,","    maxerr: 8,","    maxlen: 96,","    node: true,","    nomen: true,","    regexp: true,","    stupid: true","*/","(function () {","    'use strict';","    var local;","","","","    // run shared js-env code - pre-init","    (function () {","        // init local","        local = {};","        // init modeJs","        local.modeJs = (function () {","            try {","                return typeof navigator.userAgent === 'string' &&","                    typeof document.querySelector('body') === 'object' &&","                    typeof XMLHttpRequest.prototype.open === 'function' &&","                    'browser';","            } catch (errorCaughtBrowser) {","                return module.exports &&","                    typeof process.versions.node === 'string' &&","                    typeof require('http').createServer === 'function' &&","                    'node';","            }","        }());","        // init global","        local.global = local.modeJs === 'browser'","            ? window","            : global;","        switch (local.modeJs) {","        // re-init local from window.local","        case 'browser':","            local = local.global.utility2.objectSetDefault(","                local.global.utility2_rollup || local.global.local,","                local.global.utility2","            );","            break;","        // re-init local from example.js","        case 'node':","            local = (local.global.utility2_rollup || require('utility2'))","                .requireExampleJsFromReadme();","            break;","        }","        // export local","        local.global.local = local;","    }());","","","","    // run shared js-env code - function","    (function () {","        return;","    }());","    switch (local.modeJs) {","","","","    // run browser js-env code - function","    case 'browser':","        break;","","","","    // run node js-env code - function","    case 'node':","        break;","    }","","","","    // run shared js-env code - post-init","    (function () {","        return;","    }());","    switch (local.modeJs) {","","","","    // run browser js-env code - post-init","    case 'browser':","        // run tests","        local.nop(local.modeTest &&","            document.querySelector('#testRunButton1') &&","            document.querySelector('#testRunButton1').click());","        break;","","","","    // run node js-env code - post-init","    /* istanbul ignore next */","    case 'node':","        local.testCase_buildApidoc_default = local.testCase_buildApidoc_default || function (","            options,","            onError","        ) {","        /*","         * this function will test buildApidoc's default handling-behavior-behavior","         */","            options = { modulePathList: module.paths };","            local.buildApidoc(options, onError);","        };","","        local.testCase_buildApp_default = local.testCase_buildApp_default || function (","            options,","            onError","        ) {","        /*","         * this function will test buildApp's default handling-behavior-behavior","         */","            local.testCase_buildReadme_default(options, local.onErrorThrow);","            local.testCase_buildLib_default(options, local.onErrorThrow);","            local.testCase_buildTest_default(options, local.onErrorThrow);","            local.testCase_buildCustomOrg_default(options, local.onErrorThrow);","            options = [];","            local.buildApp(options, onError);","        };","","        local.testCase_buildCustomOrg_default = local.testCase_buildCustomOrg_default ||","            function (options, onError) {","            /*","             * this function will test buildCustomOrg's default handling-behavior","             */","                options = {};","                local.buildCustomOrg(options, onError);","            };","","        local.testCase_buildLib_default = local.testCase_buildLib_default || function (","            options,","            onError","        ) {","        /*","         * this function will test buildLib's default handling-behavior","         */","            options = {};","            local.buildLib(options, onError);","        };","","        local.testCase_buildReadme_default = local.testCase_buildReadme_default || function (","            options,","            onError","        ) {","        /*","         * this function will test buildReadme's default handling-behavior-behavior","         */","            options = {};","            local.buildReadme(options, onError);","        };","","        local.testCase_buildTest_default = local.testCase_buildTest_default || function (","            options,","            onError","        ) {","        /*","         * this function will test buildTest's default handling-behavior","         */","            options = {};","            local.buildTest(options, onError);","        };","","        local.testCase_webpage_default = local.testCase_webpage_default || function (","            options,","            onError","        ) {","        /*","         * this function will test webpage's default handling-behavior","         */","            options = { modeCoverageMerge: true, url: local.serverLocalHost + '?modeTest=1' };","            local.browserTest(options, onError);","        };","","        // run test-server","        local.testRunServer(local);","        break;","    }","}());",""],"l":{"12":2,"14":2,"19":2,"21":2,"23":2,"24":2,"25":2,"30":1,"37":2,"40":2,"43":1,"47":1,"50":1,"52":1,"55":2,"61":2,"62":2,"64":2,"70":1,"76":1,"82":2,"83":2,"85":2,"92":1,"95":1,"102":1,"109":1,"110":1,"113":1,"120":1,"121":1,"122":1,"123":1,"124":1,"125":1,"128":1,"133":2,"134":2,"137":1,"144":2,"145":2,"148":1,"155":2,"156":2,"159":1,"166":2,"167":2,"170":1,"177":1,"178":1,"182":1,"183":1}},"/home/travis/build/npmtest/node-npmtest-gift/lib.npmtest_gift.js":{"path":"/home/travis/build/npmtest/node-npmtest-gift/lib.npmtest_gift.js","s":{"1":2,"2":2,"3":2,"4":2,"5":2,"6":2,"7":2,"8":1,"9":2,"10":2,"11":2,"12":2,"13":1,"14":1,"15":1,"16":1},"b":{"1":[2,1,1,1],"2":[1,1,1,1],"3":[1,1],"4":[2,2],"5":[1,1]},"f":{"1":2,"2":2,"3":2},"fnMap":{"1":{"name":"(anonymous_1)","line":12,"loc":{"start":{"line":12,"column":1},"end":{"line":12,"column":13}}},"2":{"name":"(anonymous_2)","line":19,"loc":{"start":{"line":19,"column":5},"end":{"line":19,"column":17}}},"3":{"name":"(anonymous_3)","line":23,"loc":{"start":{"line":23,"column":24},"end":{"line":23,"column":36}}}},"statementMap":{"1":{"start":{"line":12,"column":0},"end":{"line":53,"column":5}},"2":{"start":{"line":14,"column":4},"end":{"line":14,"column":14}},"3":{"start":{"line":19,"column":4},"end":{"line":52,"column":9}},"4":{"start":{"line":21,"column":8},"end":{"line":21,"column":19}},"5":{"start":{"line":23,"column":8},"end":{"line":35,"column":13}},"6":{"start":{"line":24,"column":12},"end":{"line":34,"column":13}},"7":{"start":{"line":25,"column":16},"end":{"line":28,"column":30}},"8":{"start":{"line":30,"column":16},"end":{"line":33,"column":27}},"9":{"start":{"line":37,"column":8},"end":{"line":39,"column":21}},"10":{"start":{"line":41,"column":8},"end":{"line":41,"column":54}},"11":{"start":{"line":43,"column":8},"end":{"line":43,"column":49}},"12":{"start":{"line":45,"column":8},"end":{"line":51,"column":9}},"13":{"start":{"line":46,"column":12},"end":{"line":46,"column":55}},"14":{"start":{"line":48,"column":12},"end":{"line":48,"column":35}},"15":{"start":{"line":49,"column":12},"end":{"line":49,"column":49}},"16":{"start":{"line":50,"column":12},"end":{"line":50,"column":43}}},"branchMap":{"1":{"line":25,"type":"binary-expr","locations":[{"start":{"line":25,"column":23},"end":{"line":25,"column":62}},{"start":{"line":26,"column":20},"end":{"line":26,"column":70}},{"start":{"line":27,"column":20},"end":{"line":27,"column":71}},{"start":{"line":28,"column":20},"end":{"line":28,"column":29}}]},"2":{"line":30,"type":"binary-expr","locations":[{"start":{"line":30,"column":23},"end":{"line":30,"column":37}},{"start":{"line":31,"column":20},"end":{"line":31,"column":61}},{"start":{"line":32,"column":20},"end":{"line":32,"column":70}},{"start":{"line":33,"column":20},"end":{"line":33,"column":26}}]},"3":{"line":37,"type":"cond-expr","locations":[{"start":{"line":38,"column":14},"end":{"line":38,"column":20}},{"start":{"line":39,"column":14},"end":{"line":39,"column":20}}]},"4":{"line":41,"type":"binary-expr","locations":[{"start":{"line":41,"column":16},"end":{"line":41,"column":44}},{"start":{"line":41,"column":48},"end":{"line":41,"column":53}}]},"5":{"line":45,"type":"if","locations":[{"start":{"line":45,"column":8},"end":{"line":45,"column":8}},{"start":{"line":45,"column":8},"end":{"line":45,"column":8}}]}},"code":["/* istanbul instrument in package npmtest_gift */","/*jslint","    bitwise: true,","    browser: true,","    maxerr: 8,","    maxlen: 96,","    node: true,","    nomen: true,","    regexp: true,","    stupid: true","*/","(function () {","    'use strict';","    var local;","","","","    // run shared js-env code - pre-init","    (function () {","        // init local","        local = {};","        // init modeJs","        local.modeJs = (function () {","            try {","                return typeof navigator.userAgent === 'string' &&","                    typeof document.querySelector('body') === 'object' &&","                    typeof XMLHttpRequest.prototype.open === 'function' &&","                    'browser';","            } catch (errorCaughtBrowser) {","                return module.exports &&","                    typeof process.versions.node === 'string' &&","                    typeof require('http').createServer === 'function' &&","                    'node';","            }","        }());","        // init global","        local.global = local.modeJs === 'browser'","            ? window","            : global;","        // init utility2_rollup","        local = local.global.utility2_rollup || local;","        // init lib","        local.local = local.npmtest_gift = local;","        // init exports","        if (local.modeJs === 'browser') {","            local.global.utility2_npmtest_gift = local;","        } else {","            module.exports = local;","            module.exports.__dirname = __dirname;","            module.exports.module = module;","        }","    }());","}());",""],"l":{"12":2,"14":2,"19":2,"21":2,"23":2,"24":2,"25":2,"30":1,"37":2,"41":2,"43":2,"45":2,"46":1,"48":1,"49":1,"50":1}},"/home/travis/build/npmtest/node-npmtest-gift/example.js":{"path":"/home/travis/build/npmtest/node-npmtest-gift/example.js","s":{"1":2,"2":2,"3":2,"4":2,"5":2,"6":2,"7":2,"8":1,"9":2,"10":2,"11":2,"12":2,"13":1,"14":2,"15":2,"16":2,"17":2,"18":2,"19":0,"20":2,"21":1,"22":1,"23":1,"24":1,"25":1,"26":0,"27":0,"28":1,"29":1,"30":2,"31":0,"32":0,"33":0,"34":1,"35":2,"36":2,"37":2,"38":2,"39":2,"40":2,"41":0,"42":2,"43":2,"44":2,"45":1,"46":3,"47":1,"48":1,"49":1,"50":1,"51":1,"52":1,"53":1,"54":1,"55":1,"56":1,"57":0,"58":1,"59":6,"60":6,"61":1,"62":2,"63":0,"64":2,"65":1,"66":1,"67":0,"68":0,"69":0,"70":0,"71":0,"72":0,"73":0,"74":0,"75":0,"76":0,"77":0,"78":0,"79":0,"80":0,"81":0,"82":0,"83":0},"b":{"1":[2,1,1,1],"2":[1,1,1,1],"3":[1,1],"4":[2,2],"5":[1,1],"6":[1,1],"7":[2,0],"8":[2,1,1,1,1,1],"9":[0,2,0],"10":[1,1],"11":[2,1,1],"12":[1,0],"13":[0,2],"14":[2,0,0,0,0,0,0],"15":[0,2],"16":[2,0],"17":[1,1],"18":[0,1],"19":[1,2,0,2],"20":[1,0],"21":[1,1],"22":[0,0],"23":[0,0],"24":[0,0],"25":[0,0],"26":[0,0],"27":[0,0],"28":[0,0]},"f":{"1":2,"2":2,"3":2,"4":2,"5":2,"6":2,"7":2,"8":2,"9":3,"10":1,"11":6,"12":0},"fnMap":{"1":{"name":"(anonymous_1)","line":26,"loc":{"start":{"line":26,"column":1},"end":{"line":26,"column":13}}},"2":{"name":"(anonymous_2)","line":33,"loc":{"start":{"line":33,"column":5},"end":{"line":33,"column":17}}},"3":{"name":"(anonymous_3)","line":37,"loc":{"start":{"line":37,"column":24},"end":{"line":37,"column":36}}},"4":{"name":"(anonymous_4)","line":69,"loc":{"start":{"line":69,"column":31},"end":{"line":69,"column":48}},"skip":true},"5":{"name":"(anonymous_5)","line":78,"loc":{"start":{"line":78,"column":26},"end":{"line":78,"column":45}},"skip":true},"6":{"name":"(anonymous_6)","line":123,"loc":{"start":{"line":123,"column":33},"end":{"line":123,"column":48}},"skip":true},"7":{"name":"(anonymous_7)","line":125,"loc":{"start":{"line":125,"column":27},"end":{"line":125,"column":39}},"skip":true},"8":{"name":"(anonymous_8)","line":133,"loc":{"start":{"line":133,"column":59},"end":{"line":133,"column":74}},"skip":true},"9":{"name":"(anonymous_9)","line":143,"loc":{"start":{"line":143,"column":45},"end":{"line":143,"column":62}},"skip":true},"10":{"name":"(anonymous_10)","line":144,"loc":{"start":{"line":144,"column":73},"end":{"line":144,"column":92}},"skip":true},"11":{"name":"(anonymous_11)","line":272,"loc":{"start":{"line":272,"column":51},"end":{"line":272,"column":77}},"skip":true},"12":{"name":"(anonymous_12)","line":314,"loc":{"start":{"line":314,"column":32},"end":{"line":314,"column":61}},"skip":true}},"statementMap":{"1":{"start":{"line":26,"column":0},"end":{"line":325,"column":5}},"2":{"start":{"line":28,"column":4},"end":{"line":28,"column":14}},"3":{"start":{"line":33,"column":4},"end":{"line":60,"column":9}},"4":{"start":{"line":35,"column":8},"end":{"line":35,"column":19}},"5":{"start":{"line":37,"column":8},"end":{"line":49,"column":13}},"6":{"start":{"line":38,"column":12},"end":{"line":48,"column":13}},"7":{"start":{"line":39,"column":16},"end":{"line":42,"column":30}},"8":{"start":{"line":44,"column":16},"end":{"line":47,"column":27}},"9":{"start":{"line":51,"column":8},"end":{"line":53,"column":21}},"10":{"start":{"line":55,"column":8},"end":{"line":57,"column":45}},"11":{"start":{"line":59,"column":8},"end":{"line":59,"column":35}},"12":{"start":{"line":61,"column":4},"end":{"line":324,"column":5}},"13":{"start":{"line":69,"column":8},"end":{"line":121,"column":10},"skip":true},"14":{"start":{"line":70,"column":12},"end":{"line":88,"column":13},"skip":true},"15":{"start":{"line":76,"column":16},"end":{"line":87,"column":19},"skip":true},"16":{"start":{"line":79,"column":20},"end":{"line":86,"column":21},"skip":true},"17":{"start":{"line":82,"column":24},"end":{"line":82,"column":43},"skip":true},"18":{"start":{"line":83,"column":24},"end":{"line":83,"column":30},"skip":true},"19":{"start":{"line":85,"column":24},"end":{"line":85,"column":49},"skip":true},"20":{"start":{"line":89,"column":12},"end":{"line":107,"column":13},"skip":true},"21":{"start":{"line":92,"column":16},"end":{"line":102,"column":17},"skip":true},"22":{"start":{"line":93,"column":20},"end":{"line":93,"column":86},"skip":true},"23":{"start":{"line":94,"column":20},"end":{"line":95,"column":45},"skip":true},"24":{"start":{"line":96,"column":20},"end":{"line":96,"column":42},"skip":true},"25":{"start":{"line":97,"column":20},"end":{"line":97,"column":48},"skip":true},"26":{"start":{"line":100,"column":20},"end":{"line":100,"column":85},"skip":true},"27":{"start":{"line":101,"column":20},"end":{"line":101,"column":96},"skip":true},"28":{"start":{"line":103,"column":16},"end":{"line":103,"column":22},"skip":true},"29":{"start":{"line":106,"column":16},"end":{"line":106,"column":22},"skip":true},"30":{"start":{"line":108,"column":12},"end":{"line":120,"column":13},"skip":true},"31":{"start":{"line":114,"column":16},"end":{"line":119,"column":17},"skip":true},"32":{"start":{"line":116,"column":20},"end":{"line":116,"column":78},"skip":true},"33":{"start":{"line":118,"column":20},"end":{"line":118,"column":47},"skip":true},"34":{"start":{"line":123,"column":8},"end":{"line":141,"column":11},"skip":true},"35":{"start":{"line":124,"column":12},"end":{"line":124,"column":54},"skip":true},"36":{"start":{"line":125,"column":12},"end":{"line":140,"column":14},"skip":true},"37":{"start":{"line":126,"column":16},"end":{"line":126,"column":28},"skip":true},"38":{"start":{"line":127,"column":16},"end":{"line":127,"column":69},"skip":true},"39":{"start":{"line":128,"column":16},"end":{"line":128,"column":75},"skip":true},"40":{"start":{"line":129,"column":16},"end":{"line":131,"column":17},"skip":true},"41":{"start":{"line":130,"column":20},"end":{"line":130,"column":27},"skip":true},"42":{"start":{"line":133,"column":16},"end":{"line":137,"column":36},"skip":true},"43":{"start":{"line":134,"column":20},"end":{"line":136,"column":55},"skip":true},"44":{"start":{"line":139,"column":16},"end":{"line":139,"column":57},"skip":true},"45":{"start":{"line":143,"column":8},"end":{"line":147,"column":11},"skip":true},"46":{"start":{"line":144,"column":12},"end":{"line":146,"column":15},"skip":true},"47":{"start":{"line":145,"column":16},"end":{"line":145,"column":70},"skip":true},"48":{"start":{"line":149,"column":8},"end":{"line":149,"column":31},"skip":true},"49":{"start":{"line":150,"column":8},"end":{"line":150,"column":14},"skip":true},"50":{"start":{"line":158,"column":8},"end":{"line":158,"column":31},"skip":true},"51":{"start":{"line":160,"column":8},"end":{"line":160,"column":33},"skip":true},"52":{"start":{"line":161,"column":8},"end":{"line":161,"column":37},"skip":true},"53":{"start":{"line":162,"column":8},"end":{"line":162,"column":35},"skip":true},"54":{"start":{"line":164,"column":8},"end":{"line":164,"column":50},"skip":true},"55":{"start":{"line":166,"column":8},"end":{"line":256,"column":2},"skip":true},"56":{"start":{"line":258,"column":8},"end":{"line":286,"column":9},"skip":true},"57":{"start":{"line":259,"column":12},"end":{"line":269,"column":14},"skip":true},"58":{"start":{"line":271,"column":12},"end":{"line":285,"column":19},"skip":true},"59":{"start":{"line":274,"column":20},"end":{"line":274,"column":35},"skip":true},"60":{"start":{"line":275,"column":20},"end":{"line":284,"column":21},"skip":true},"61":{"start":{"line":277,"column":24},"end":{"line":277,"column":64},"skip":true},"62":{"start":{"line":279,"column":24},"end":{"line":279,"column":40},"skip":true},"63":{"start":{"line":281,"column":24},"end":{"line":281,"column":40},"skip":true},"64":{"start":{"line":283,"column":24},"end":{"line":283,"column":39},"skip":true},"65":{"start":{"line":288,"column":8},"end":{"line":290,"column":9},"skip":true},"66":{"start":{"line":289,"column":12},"end":{"line":289,"column":18},"skip":true},"67":{"start":{"line":291,"column":8},"end":{"line":293,"column":54},"skip":true},"68":{"start":{"line":294,"column":8},"end":{"line":301,"column":37},"skip":true},"69":{"start":{"line":302,"column":8},"end":{"line":302,"column":82},"skip":true},"70":{"start":{"line":305,"column":8},"end":{"line":307,"column":9},"skip":true},"71":{"start":{"line":306,"column":12},"end":{"line":306,"column":82},"skip":true},"72":{"start":{"line":309,"column":8},"end":{"line":311,"column":9},"skip":true},"73":{"start":{"line":310,"column":12},"end":{"line":310,"column":18},"skip":true},"74":{"start":{"line":312,"column":8},"end":{"line":312,"column":54},"skip":true},"75":{"start":{"line":313,"column":8},"end":{"line":313,"column":69},"skip":true},"76":{"start":{"line":314,"column":8},"end":{"line":322,"column":36},"skip":true},"77":{"start":{"line":315,"column":12},"end":{"line":315,"column":61},"skip":true},"78":{"start":{"line":316,"column":12},"end":{"line":319,"column":13},"skip":true},"79":{"start":{"line":317,"column":16},"end":{"line":317,"column":75},"skip":true},"80":{"start":{"line":318,"column":16},"end":{"line":318,"column":23},"skip":true},"81":{"start":{"line":320,"column":12},"end":{"line":320,"column":38},"skip":true},"82":{"start":{"line":321,"column":12},"end":{"line":321,"column":27},"skip":true},"83":{"start":{"line":323,"column":8},"end":{"line":323,"column":14},"skip":true}},"branchMap":{"1":{"line":39,"type":"binary-expr","locations":[{"start":{"line":39,"column":23},"end":{"line":39,"column":62}},{"start":{"line":40,"column":20},"end":{"line":40,"column":70}},{"start":{"line":41,"column":20},"end":{"line":41,"column":71}},{"start":{"line":42,"column":20},"end":{"line":42,"column":29}}]},"2":{"line":44,"type":"binary-expr","locations":[{"start":{"line":44,"column":23},"end":{"line":44,"column":37}},{"start":{"line":45,"column":20},"end":{"line":45,"column":61}},{"start":{"line":46,"column":20},"end":{"line":46,"column":70}},{"start":{"line":47,"column":20},"end":{"line":47,"column":26}}]},"3":{"line":51,"type":"cond-expr","locations":[{"start":{"line":52,"column":14},"end":{"line":52,"column":20}},{"start":{"line":53,"column":14},"end":{"line":53,"column":20}}]},"4":{"line":55,"type":"binary-expr","locations":[{"start":{"line":55,"column":16},"end":{"line":55,"column":44}},{"start":{"line":55,"column":49},"end":{"line":57,"column":43}}]},"5":{"line":55,"type":"cond-expr","locations":[{"start":{"line":56,"column":14},"end":{"line":56,"column":48}},{"start":{"line":57,"column":14},"end":{"line":57,"column":43}}]},"6":{"line":61,"type":"switch","locations":[{"start":{"line":68,"column":4},"end":{"line":150,"column":14},"skip":true},{"start":{"line":156,"column":4},"end":{"line":323,"column":14},"skip":true}]},"7":{"line":70,"type":"if","locations":[{"start":{"line":70,"column":12},"end":{"line":70,"column":12},"skip":true},{"start":{"line":70,"column":12},"end":{"line":70,"column":12},"skip":true}]},"8":{"line":70,"type":"binary-expr","locations":[{"start":{"line":70,"column":16},"end":{"line":70,"column":22},"skip":true},{"start":{"line":70,"column":27},"end":{"line":70,"column":32},"skip":true},{"start":{"line":71,"column":20},"end":{"line":71,"column":39},"skip":true},{"start":{"line":72,"column":20},"end":{"line":72,"column":49},"skip":true},{"start":{"line":73,"column":20},"end":{"line":73,"column":58},"skip":true},{"start":{"line":74,"column":20},"end":{"line":74,"column":69},"skip":true}]},"9":{"line":79,"type":"switch","locations":[{"start":{"line":80,"column":20},"end":{"line":80,"column":33},"skip":true},{"start":{"line":81,"column":20},"end":{"line":83,"column":30},"skip":true},{"start":{"line":84,"column":20},"end":{"line":85,"column":49},"skip":true}]},"10":{"line":89,"type":"switch","locations":[{"start":{"line":90,"column":12},"end":{"line":103,"column":22},"skip":true},{"start":{"line":105,"column":12},"end":{"line":106,"column":22},"skip":true}]},"11":{"line":89,"type":"binary-expr","locations":[{"start":{"line":89,"column":20},"end":{"line":89,"column":25},"skip":true},{"start":{"line":89,"column":29},"end":{"line":89,"column":48},"skip":true},{"start":{"line":89,"column":52},"end":{"line":89,"column":74},"skip":true}]},"12":{"line":92,"type":"if","locations":[{"start":{"line":92,"column":16},"end":{"line":92,"column":16},"skip":true},{"start":{"line":92,"column":16},"end":{"line":92,"column":16},"skip":true}]},"13":{"line":108,"type":"if","locations":[{"start":{"line":108,"column":12},"end":{"line":108,"column":12},"skip":true},{"start":{"line":108,"column":12},"end":{"line":108,"column":12},"skip":true}]},"14":{"line":108,"type":"binary-expr","locations":[{"start":{"line":108,"column":16},"end":{"line":108,"column":61},"skip":true},{"start":{"line":108,"column":66},"end":{"line":108,"column":72},"skip":true},{"start":{"line":108,"column":77},"end":{"line":108,"column":82},"skip":true},{"start":{"line":109,"column":20},"end":{"line":109,"column":39},"skip":true},{"start":{"line":110,"column":20},"end":{"line":110,"column":49},"skip":true},{"start":{"line":111,"column":20},"end":{"line":111,"column":58},"skip":true},{"start":{"line":112,"column":20},"end":{"line":112,"column":68},"skip":true}]},"15":{"line":129,"type":"if","locations":[{"start":{"line":129,"column":16},"end":{"line":129,"column":16},"skip":true},{"start":{"line":129,"column":16},"end":{"line":129,"column":16},"skip":true}]},"16":{"line":134,"type":"cond-expr","locations":[{"start":{"line":135,"column":26},"end":{"line":135,"column":29},"skip":true},{"start":{"line":136,"column":26},"end":{"line":136,"column":54},"skip":true}]},"17":{"line":164,"type":"binary-expr","locations":[{"start":{"line":164,"column":27},"end":{"line":164,"column":43},"skip":true},{"start":{"line":164,"column":47},"end":{"line":164,"column":49},"skip":true}]},"18":{"line":258,"type":"if","locations":[{"start":{"line":258,"column":8},"end":{"line":258,"column":8},"skip":true},{"start":{"line":258,"column":8},"end":{"line":258,"column":8},"skip":true}]},"19":{"line":275,"type":"switch","locations":[{"start":{"line":276,"column":20},"end":{"line":277,"column":64},"skip":true},{"start":{"line":278,"column":20},"end":{"line":279,"column":40},"skip":true},{"start":{"line":280,"column":20},"end":{"line":281,"column":40},"skip":true},{"start":{"line":282,"column":20},"end":{"line":283,"column":39},"skip":true}]},"20":{"line":288,"type":"if","locations":[{"start":{"line":288,"column":8},"end":{"line":288,"column":8},"skip":true},{"start":{"line":288,"column":8},"end":{"line":288,"column":8},"skip":true}]},"21":{"line":288,"type":"binary-expr","locations":[{"start":{"line":288,"column":12},"end":{"line":288,"column":40},"skip":true},{"start":{"line":288,"column":44},"end":{"line":288,"column":67},"skip":true}]},"22":{"line":292,"type":"binary-expr","locations":[{"start":{"line":292,"column":12},"end":{"line":292,"column":50},"skip":true},{"start":{"line":293,"column":12},"end":{"line":293,"column":53},"skip":true}]},"23":{"line":295,"type":"binary-expr","locations":[{"start":{"line":295,"column":12},"end":{"line":295,"column":62},"skip":true},{"start":{"line":296,"column":12},"end":{"line":301,"column":36},"skip":true}]},"24":{"line":302,"type":"binary-expr","locations":[{"start":{"line":302,"column":43},"end":{"line":302,"column":75},"skip":true},{"start":{"line":302,"column":79},"end":{"line":302,"column":81},"skip":true}]},"25":{"line":305,"type":"if","locations":[{"start":{"line":305,"column":8},"end":{"line":305,"column":8},"skip":true},{"start":{"line":305,"column":8},"end":{"line":305,"column":8},"skip":true}]},"26":{"line":309,"type":"if","locations":[{"start":{"line":309,"column":8},"end":{"line":309,"column":8},"skip":true},{"start":{"line":309,"column":8},"end":{"line":309,"column":8},"skip":true}]},"27":{"line":312,"type":"binary-expr","locations":[{"start":{"line":312,"column":27},"end":{"line":312,"column":43},"skip":true},{"start":{"line":312,"column":47},"end":{"line":312,"column":53},"skip":true}]},"28":{"line":316,"type":"if","locations":[{"start":{"line":316,"column":12},"end":{"line":316,"column":12},"skip":true},{"start":{"line":316,"column":12},"end":{"line":316,"column":12},"skip":true}]}},"code":["/*","example.js","","quickstart example","","instruction","    1. save this script as example.js","    2. run the shell command:","        $ npm install npmtest-gift && PORT=8081 node example.js","    3. play with the browser-demo on http://127.0.0.1:8081","*/","","","","/* istanbul instrument in package npmtest_gift */","/*jslint","    bitwise: true,","    browser: true,","    maxerr: 8,","    maxlen: 96,","    node: true,","    nomen: true,","    regexp: true,","    stupid: true","*/","(function () {","    'use strict';","    var local;","","","","    // run shared js-env code - pre-init","    (function () {","        // init local","        local = {};","        // init modeJs","        local.modeJs = (function () {","            try {","                return typeof navigator.userAgent === 'string' &&","                    typeof document.querySelector('body') === 'object' &&","                    typeof XMLHttpRequest.prototype.open === 'function' &&","                    'browser';","            } catch (errorCaughtBrowser) {","                return module.exports &&","                    typeof process.versions.node === 'string' &&","                    typeof require('http').createServer === 'function' &&","                    'node';","            }","        }());","        // init global","        local.global = local.modeJs === 'browser'","            ? window","            : global;","        // init utility2_rollup","        local = local.global.utility2_rollup || (local.modeJs === 'browser'","            ? local.global.utility2_npmtest_gift","            : global.utility2_moduleExports);","        // export local","        local.global.local = local;","    }());","    switch (local.modeJs) {","","","","    // post-init","    // run browser js-env code - post-init","    /* istanbul ignore next */","    case 'browser':","        local.testRunBrowser = function (event) {","            if (!event || (event &&","                    event.currentTarget &&","                    event.currentTarget.className &&","                    event.currentTarget.className.includes &&","                    event.currentTarget.className.includes('onreset'))) {","                // reset output","                Array.from(","                    document.querySelectorAll('body > .resettable')","                ).forEach(function (element) {","                    switch (element.tagName) {","                    case 'INPUT':","                    case 'TEXTAREA':","                        element.value = '';","                        break;","                    default:","                        element.textContent = '';","                    }","                });","            }","            switch (event && event.currentTarget && event.currentTarget.id) {","            case 'testRunButton1':","                // show tests","                if (document.querySelector('#testReportDiv1').style.display === 'none') {","                    document.querySelector('#testReportDiv1').style.display = 'block';","                    document.querySelector('#testRunButton1').textContent =","                        'hide internal test';","                    local.modeTest = true;","                    local.testRunDefault(local);","                // hide tests","                } else {","                    document.querySelector('#testReportDiv1').style.display = 'none';","                    document.querySelector('#testRunButton1').textContent = 'run internal test';","                }","                break;","            // custom-case","            default:","                break;","            }","            if (document.querySelector('#inputTextareaEval1') && (!event || (event &&","                    event.currentTarget &&","                    event.currentTarget.className &&","                    event.currentTarget.className.includes &&","                    event.currentTarget.className.includes('oneval')))) {","                // try to eval input-code","                try {","                    /*jslint evil: true*/","                    eval(document.querySelector('#inputTextareaEval1').value);","                } catch (errorCaught) {","                    console.error(errorCaught);","                }","            }","        };","        // log stderr and stdout to #outputTextareaStdout1","        ['error', 'log'].forEach(function (key) {","            console[key + '_original'] = console[key];","            console[key] = function () {","                var element;","                console[key + '_original'].apply(console, arguments);","                element = document.querySelector('#outputTextareaStdout1');","                if (!element) {","                    return;","                }","                // append text to #outputTextareaStdout1","                element.value += Array.from(arguments).map(function (arg) {","                    return typeof arg === 'string'","                        ? arg","                        : JSON.stringify(arg, null, 4);","                }).join(' ') + '\\n';","                // scroll textarea to bottom","                element.scrollTop = element.scrollHeight;","            };","        });","        // init event-handling","        ['change', 'click', 'keyup'].forEach(function (event) {","            Array.from(document.querySelectorAll('.on' + event)).forEach(function (element) {","                element.addEventListener(event, local.testRunBrowser);","            });","        });","        // run tests","        local.testRunBrowser();","        break;","","","","    // run node js-env code - post-init","    /* istanbul ignore next */","    case 'node':","        // export local","        module.exports = local;","        // require modules","        local.fs = require('fs');","        local.http = require('http');","        local.url = require('url');","        // init assets","        local.assetsDict = local.assetsDict || {};","        /* jslint-ignore-begin */","        local.assetsDict['/assets.index.template.html'] = '\\","<!doctype html>\\n\\","<html lang=\"en\">\\n\\","<head>\\n\\","<meta charset=\"UTF-8\">\\n\\","<meta name=\"viewport\" content=\"width=device-width, initial-scale=1\">\\n\\","<title>{{env.npm_package_name}} (v{{env.npm_package_version}})</title>\\n\\","<style>\\n\\","/*csslint\\n\\","    box-sizing: false,\\n\\","    universal-selector: false\\n\\","*/\\n\\","* {\\n\\","    box-sizing: border-box;\\n\\","}\\n\\","body {\\n\\","    background: #dde;\\n\\","    font-family: Arial, Helvetica, sans-serif;\\n\\","    margin: 2rem;\\n\\","}\\n\\","body > * {\\n\\","    margin-bottom: 1rem;\\n\\","}\\n\\",".utility2FooterDiv {\\n\\","    margin-top: 20px;\\n\\","    text-align: center;\\n\\","}\\n\\","</style>\\n\\","<style>\\n\\","/*csslint\\n\\","*/\\n\\","textarea {\\n\\","    font-family: monospace;\\n\\","    height: 10rem;\\n\\","    width: 100%;\\n\\","}\\n\\","textarea[readonly] {\\n\\","    background: #ddd;\\n\\","}\\n\\","</style>\\n\\","</head>\\n\\","<body>\\n\\","<!-- utility2-comment\\n\\","<div id=\"ajaxProgressDiv1\" style=\"background: #d00; height: 2px; left: 0; margin: 0; padding: 0; position: fixed; top: 0; transition: background 0.5s, width 1.5s; width: 25%;\"></div>\\n\\","utility2-comment -->\\n\\","<h1>\\n\\","<!-- utility2-comment\\n\\","    <a\\n\\","        {{#if env.npm_package_homepage}}\\n\\","        href=\"{{env.npm_package_homepage}}\"\\n\\","        {{/if env.npm_package_homepage}}\\n\\","        target=\"_blank\"\\n\\","    >\\n\\","utility2-comment -->\\n\\","        {{env.npm_package_name}} (v{{env.npm_package_version}})\\n\\","<!-- utility2-comment\\n\\","    </a>\\n\\","utility2-comment -->\\n\\","</h1>\\n\\","<h3>{{env.npm_package_description}}</h3>\\n\\","<!-- utility2-comment\\n\\","<h4><a download href=\"assets.app.js\">download standalone app</a></h4>\\n\\","<button class=\"onclick onreset\" id=\"testRunButton1\">run internal test</button><br>\\n\\","<div id=\"testReportDiv1\" style=\"display: none;\"></div>\\n\\","utility2-comment -->\\n\\","\\n\\","\\n\\","\\n\\","<label>stderr and stdout</label>\\n\\","<textarea class=\"resettable\" id=\"outputTextareaStdout1\" readonly></textarea>\\n\\","<!-- utility2-comment\\n\\","{{#if isRollup}}\\n\\","<script src=\"assets.app.js\"></script>\\n\\","{{#unless isRollup}}\\n\\","utility2-comment -->\\n\\","<script src=\"assets.utility2.rollup.js\"></script>\\n\\","<script src=\"jsonp.utility2._stateInit?callback=window.utility2._stateInit\"></script>\\n\\","<script src=\"assets.npmtest_gift.rollup.js\"></script>\\n\\","<script src=\"assets.example.js\"></script>\\n\\","<script src=\"assets.test.js\"></script>\\n\\","<!-- utility2-comment\\n\\","{{/if isRollup}}\\n\\","utility2-comment -->\\n\\","<div class=\"utility2FooterDiv\">\\n\\","    [ this app was created with\\n\\","    <a href=\"https://github.com/kaizhu256/node-utility2\" target=\"_blank\">utility2</a>\\n\\","    ]\\n\\","</div>\\n\\","</body>\\n\\","</html>\\n\\","';","        /* jslint-ignore-end */","        if (local.templateRender) {","            local.assetsDict['/'] = local.templateRender(","                local.assetsDict['/assets.index.template.html'],","                {","                    env: local.objectSetDefault(local.env, {","                        npm_package_description: 'the greatest app in the world!',","                        npm_package_name: 'my-app',","                        npm_package_nameAlias: 'my_app',","                        npm_package_version: '0.0.1'","                    })","                }","            );","        } else {","            local.assetsDict['/'] = local.assetsDict['/assets.index.template.html']","                .replace((/\\{\\{env\\.(\\w+?)\\}\\}/g), function (match0, match1) {","                    // jslint-hack","                    String(match0);","                    switch (match1) {","                    case 'npm_package_description':","                        return 'the greatest app in the world!';","                    case 'npm_package_name':","                        return 'my-app';","                    case 'npm_package_nameAlias':","                        return 'my_app';","                    case 'npm_package_version':","                        return '0.0.1';","                    }","                });","        }","        // run the cli","        if (local.global.utility2_rollup || module !== require.main) {","            break;","        }","        local.assetsDict['/assets.example.js'] =","            local.assetsDict['/assets.example.js'] ||","            local.fs.readFileSync(__filename, 'utf8');","        local.assetsDict['/assets.npmtest_gift.rollup.js'] =","            local.assetsDict['/assets.npmtest_gift.rollup.js'] ||","            local.fs.readFileSync(","                // buildCustomOrg-hack","                local.npmtest_gift.__dirname +","                    '/lib.npmtest_gift.js',","                'utf8'","            ).replace((/^#!/), '//');","        local.assetsDict['/favicon.ico'] = local.assetsDict['/favicon.ico'] || '';","        // if $npm_config_timeout_exit exists,","        // then exit this process after $npm_config_timeout_exit ms","        if (Number(process.env.npm_config_timeout_exit)) {","            setTimeout(process.exit, Number(process.env.npm_config_timeout_exit));","        }","        // start server","        if (local.global.utility2_serverHttp1) {","            break;","        }","        process.env.PORT = process.env.PORT || '8081';","        console.error('server starting on port ' + process.env.PORT);","        local.http.createServer(function (request, response) {","            request.urlParsed = local.url.parse(request.url);","            if (local.assetsDict[request.urlParsed.pathname] !== undefined) {","                response.end(local.assetsDict[request.urlParsed.pathname]);","                return;","            }","            response.statusCode = 404;","            response.end();","        }).listen(process.env.PORT);","        break;","    }","}());",""],"l":{"26":2,"28":2,"33":2,"35":2,"37":2,"38":2,"39":2,"44":1,"51":2,"55":2,"59":2,"61":2,"69":1,"70":2,"76":2,"79":2,"82":2,"83":2,"85":1,"89":2,"92":1,"93":1,"94":1,"96":1,"97":1,"100":1,"101":1,"103":1,"106":1,"108":2,"114":1,"116":1,"118":1,"123":1,"124":2,"125":2,"126":2,"127":2,"128":2,"129":2,"130":1,"133":2,"134":2,"139":2,"143":1,"144":3,"145":1,"149":1,"150":1,"158":1,"160":1,"161":1,"162":1,"164":1,"166":1,"258":1,"259":1,"271":1,"274":6,"275":6,"277":1,"279":2,"281":1,"283":2,"288":1,"289":1,"291":1,"294":1,"302":1,"305":1,"306":1,"309":1,"310":1,"312":1,"313":1,"314":1,"315":1,"316":1,"317":1,"318":1,"320":1,"321":1,"323":1}},"/home/travis/build/npmtest/node-npmtest-gift/node_modules/gift/lib/index.js":{"path":"/home/travis/build/npmtest/node-npmtest-gift/node_modules/gift/lib/index.js","s":{"1":1,"2":1,"3":1,"4":1,"5":1,"6":0,"7":0,"8":0,"9":0,"10":0,"11":1,"12":1,"13":0,"14":0,"15":0,"16":0,"17":0,"18":0,"19":0,"20":0,"21":0,"22":0,"23":1,"24":0,"25":0,"26":0,"27":0,"28":0,"29":0,"30":0,"31":0,"32":0,"33":0,"34":0,"35":0,"36":0,"37":0,"38":0,"39":0,"40":0,"41":0,"42":0,"43":0},"b":{"1":[0,0],"2":[0,0],"3":[0,0],"4":[0,0],"5":[0,0],"6":[0,0],"7":[0,0],"8":[0,0],"9":[0,0],"10":[0,0],"11":[0,0],"12":[0,0],"13":[0,0],"14":[0,0]},"f":{"1":1,"2":0,"3":0,"4":0,"5":0,"6":0},"fnMap":{"1":{"name":"(anonymous_1)","line":2,"loc":{"start":{"line":2,"column":1},"end":{"line":2,"column":12}}},"2":{"name":"(anonymous_2)","line":9,"loc":{"start":{"line":9,"column":25},"end":{"line":9,"column":59}}},"3":{"name":"(anonymous_3)","line":23,"loc":{"start":{"line":23,"column":13},"end":{"line":23,"column":44}}},"4":{"name":"(anonymous_4)","line":35,"loc":{"start":{"line":35,"column":7},"end":{"line":35,"column":37}}},"5":{"name":"(anonymous_5)","line":45,"loc":{"start":{"line":45,"column":14},"end":{"line":45,"column":66}}},"6":{"name":"(anonymous_6)","line":68,"loc":{"start":{"line":68,"column":22},"end":{"line":68,"column":52}}}},"statementMap":{"1":{"start":{"line":2,"column":0},"end":{"line":78,"column":14}},"2":{"start":{"line":3,"column":2},"end":{"line":3,"column":22}},"3":{"start":{"line":5,"column":2},"end":{"line":5,"column":39}},"4":{"start":{"line":7,"column":2},"end":{"line":7,"column":27}},"5":{"start":{"line":9,"column":2},"end":{"line":19,"column":4}},"6":{"start":{"line":10,"column":4},"end":{"line":12,"column":5}},"7":{"start":{"line":11,"column":6},"end":{"line":11,"column":19}},"8":{"start":{"line":13,"column":4},"end":{"line":17,"column":5}},"9":{"start":{"line":14,"column":6},"end":{"line":16,"column":8}},"10":{"start":{"line":18,"column":4},"end":{"line":18,"column":45}},"11":{"start":{"line":21,"column":2},"end":{"line":21,"column":30}},"12":{"start":{"line":23,"column":2},"end":{"line":43,"column":4}},"13":{"start":{"line":24,"column":4},"end":{"line":24,"column":18}},"14":{"start":{"line":25,"column":4},"end":{"line":27,"column":5}},"15":{"start":{"line":26,"column":6},"end":{"line":26,"column":63}},"16":{"start":{"line":28,"column":4},"end":{"line":32,"column":5}},"17":{"start":{"line":29,"column":6},"end":{"line":29,"column":33}},"18":{"start":{"line":31,"column":6},"end":{"line":31,"column":26}},"19":{"start":{"line":33,"column":4},"end":{"line":42,"column":7}},"20":{"start":{"line":36,"column":6},"end":{"line":38,"column":7}},"21":{"start":{"line":37,"column":8},"end":{"line":37,"column":29}},"22":{"start":{"line":39,"column":6},"end":{"line":41,"column":10}},"23":{"start":{"line":45,"column":2},"end":{"line":76,"column":4}},"24":{"start":{"line":46,"column":4},"end":{"line":46,"column":13}},"25":{"start":{"line":47,"column":4},"end":{"line":49,"column":5}},"26":{"start":{"line":48,"column":6},"end":{"line":48,"column":16}},"27":{"start":{"line":50,"column":4},"end":{"line":52,"column":5}},"28":{"start":{"line":51,"column":6},"end":{"line":51,"column":20}},"29":{"start":{"line":53,"column":4},"end":{"line":56,"column":5}},"30":{"start":{"line":54,"column":6},"end":{"line":54,"column":24}},"31":{"start":{"line":55,"column":6},"end":{"line":55,"column":20}},"32":{"start":{"line":57,"column":4},"end":{"line":60,"column":5}},"33":{"start":{"line":58,"column":6},"end":{"line":58,"column":23}},"34":{"start":{"line":59,"column":6},"end":{"line":59,"column":16}},"35":{"start":{"line":61,"column":4},"end":{"line":61,"column":63}},"36":{"start":{"line":62,"column":4},"end":{"line":64,"column":5}},"37":{"start":{"line":63,"column":6},"end":{"line":63,"column":45}},"38":{"start":{"line":65,"column":4},"end":{"line":67,"column":5}},"39":{"start":{"line":66,"column":6},"end":{"line":66,"column":43}},"40":{"start":{"line":68,"column":4},"end":{"line":75,"column":7}},"41":{"start":{"line":69,"column":6},"end":{"line":71,"column":7}},"42":{"start":{"line":70,"column":8},"end":{"line":70,"column":29}},"43":{"start":{"line":72,"column":6},"end":{"line":74,"column":10}}},"branchMap":{"1":{"line":10,"type":"if","locations":[{"start":{"line":10,"column":4},"end":{"line":10,"column":4}},{"start":{"line":10,"column":4},"end":{"line":10,"column":4}}]},"2":{"line":13,"type":"if","locations":[{"start":{"line":13,"column":4},"end":{"line":13,"column":4}},{"start":{"line":13,"column":4},"end":{"line":13,"column":4}}]},"3":{"line":25,"type":"if","locations":[{"start":{"line":25,"column":4},"end":{"line":25,"column":4}},{"start":{"line":25,"column":4},"end":{"line":25,"column":4}}]},"4":{"line":28,"type":"if","locations":[{"start":{"line":28,"column":4},"end":{"line":28,"column":4}},{"start":{"line":28,"column":4},"end":{"line":28,"column":4}}]},"5":{"line":36,"type":"if","locations":[{"start":{"line":36,"column":6},"end":{"line":36,"column":6}},{"start":{"line":36,"column":6},"end":{"line":36,"column":6}}]},"6":{"line":47,"type":"if","locations":[{"start":{"line":47,"column":4},"end":{"line":47,"column":4}},{"start":{"line":47,"column":4},"end":{"line":47,"column":4}}]},"7":{"line":50,"type":"if","locations":[{"start":{"line":50,"column":4},"end":{"line":50,"column":4}},{"start":{"line":50,"column":4},"end":{"line":50,"column":4}}]},"8":{"line":53,"type":"if","locations":[{"start":{"line":53,"column":4},"end":{"line":53,"column":4}},{"start":{"line":53,"column":4},"end":{"line":53,"column":4}}]},"9":{"line":57,"type":"if","locations":[{"start":{"line":57,"column":4},"end":{"line":57,"column":4}},{"start":{"line":57,"column":4},"end":{"line":57,"column":4}}]},"10":{"line":62,"type":"if","locations":[{"start":{"line":62,"column":4},"end":{"line":62,"column":4}},{"start":{"line":62,"column":4},"end":{"line":62,"column":4}}]},"11":{"line":62,"type":"binary-expr","locations":[{"start":{"line":62,"column":8},"end":{"line":62,"column":23}},{"start":{"line":62,"column":27},"end":{"line":62,"column":53}}]},"12":{"line":65,"type":"if","locations":[{"start":{"line":65,"column":4},"end":{"line":65,"column":4}},{"start":{"line":65,"column":4},"end":{"line":65,"column":4}}]},"13":{"line":65,"type":"binary-expr","locations":[{"start":{"line":65,"column":8},"end":{"line":65,"column":19}},{"start":{"line":65,"column":23},"end":{"line":65,"column":48}}]},"14":{"line":69,"type":"if","locations":[{"start":{"line":69,"column":6},"end":{"line":69,"column":6}},{"start":{"line":69,"column":6},"end":{"line":69,"column":6}}]}},"code":["// Generated by CoffeeScript 1.9.1","(function() {","  var Git, Repo, exec;","","  exec = require('child_process').exec;","","  Repo = require('./repo');","","  module.exports = Git = function(path, bare, git_options) {","    if (bare == null) {","      bare = false;","    }","    if (git_options == null) {","      git_options = {","        maxBuffer: Git.maxBuffer","      };","    }","    return new Repo(path, bare, git_options);","  };","","  Git.maxBuffer = 5000 * 1024;","","  Git.init = function(path, bare, callback) {","    var bash, ref;","    if (!callback) {","      ref = [callback, bare], bare = ref[0], callback = ref[1];","    }","    if (bare) {","      bash = \"git init --bare .\";","    } else {","      bash = \"git init .\";","    }","    return exec(bash, {","      cwd: path","    }, function(err, stdout, stderr) {","      if (err) {","        return callback(err);","      }","      return callback(err, new Repo(path, bare, {","        maxBuffer: Git.maxBuffer","      }));","    });","  };","","  Git.clone = function(repository, path, depth, branch, callback) {","    var bash;","    if (depth == null) {","      depth = 0;","    }","    if (branch == null) {","      branch = null;","    }","    if (typeof branch === 'function') {","      callback = branch;","      branch = null;","    }","    if (typeof depth === 'function') {","      callback = depth;","      depth = 0;","    }","    bash = \"git clone \\\"\" + repository + \"\\\" \\\"\" + path + \"\\\"\";","    if (branch !== null && typeof branch === 'string') {","      bash += \" --branch \\\"\" + branch + \"\\\"\";","    }","    if (depth !== 0 && typeof depth === 'number') {","      bash += \" --depth \\\"\" + depth + \"\\\"\";","    }","    return exec(bash, function(err, stdout, stderr) {","      if (err) {","        return callback(err);","      }","      return callback(err, new Repo(path, false, {","        maxBuffer: Git.maxBuffer","      }));","    });","  };","","}).call(this);",""],"l":{"2":1,"3":1,"5":1,"7":1,"9":1,"10":0,"11":0,"13":0,"14":0,"18":0,"21":1,"23":1,"24":0,"25":0,"26":0,"28":0,"29":0,"31":0,"33":0,"36":0,"37":0,"39":0,"45":1,"46":0,"47":0,"48":0,"50":0,"51":0,"53":0,"54":0,"55":0,"57":0,"58":0,"59":0,"61":0,"62":0,"63":0,"65":0,"66":0,"68":0,"69":0,"70":0,"72":0}},"/home/travis/build/npmtest/node-npmtest-gift/node_modules/gift/lib/repo.js":{"path":"/home/travis/build/npmtest/node-npmtest-gift/node_modules/gift/lib/repo.js","s":{"1":1,"2":1,"3":1,"4":1,"5":1,"6":1,"7":1,"8":1,"9":1,"10":1,"11":1,"12":1,"13":1,"14":1,"15":0,"16":0,"17":0,"18":0,"19":0,"20":0,"21":0,"22":1,"23":0,"24":0,"25":0,"26":0,"27":0,"28":0,"29":0,"30":0,"31":0,"32":0,"33":0,"34":0,"35":0,"36":0,"37":0,"38":0,"39":1,"40":0,"41":0,"42":0,"43":0,"44":0,"45":0,"46":0,"47":0,"48":1,"49":0,"50":0,"51":0,"52":0,"53":0,"54":0,"55":0,"56":0,"57":0,"58":0,"59":0,"60":0,"61":0,"62":0,"63":0,"64":0,"65":0,"66":0,"67":0,"68":1,"69":0,"70":0,"71":0,"72":0,"73":0,"74":1,"75":0,"76":0,"77":0,"78":0,"79":0,"80":1,"81":0,"82":0,"83":0,"84":1,"85":0,"86":0,"87":0,"88":0,"89":0,"90":0,"91":0,"92":0,"93":0,"94":0,"95":0,"96":0,"97":0,"98":0,"99":0,"100":0,"101":0,"102":0,"103":0,"104":0,"105":0,"106":0,"107":0,"108":1,"109":0,"110":1,"111":0,"112":1,"113":0,"114":0,"115":1,"116":0,"117":0,"118":1,"119":0,"120":0,"121":1,"122":0,"123":0,"124":1,"125":0,"126":0,"127":1,"128":0,"129":0,"130":0,"131":0,"132":0,"133":1,"134":0,"135":0,"136":0,"137":0,"138":0,"139":0,"140":0,"141":0,"142":0,"143":0,"144":0,"145":1,"146":0,"147":0,"148":0,"149":0,"150":0,"151":1,"152":0,"153":0,"154":0,"155":0,"156":1,"157":0,"158":0,"159":0,"160":0,"161":0,"162":0,"163":0,"164":0,"165":0,"166":0,"167":0,"168":0,"169":0,"170":0,"171":0,"172":0,"173":0,"174":0,"175":0,"176":0,"177":1,"178":0,"179":1,"180":0,"181":1,"182":0,"183":0,"184":0,"185":0,"186":1,"187":0,"188":1,"189":0,"190":1,"191":0,"192":0,"193":1,"194":0,"195":0,"196":1,"197":0,"198":0,"199":0,"200":0,"201":0,"202":0,"203":0,"204":0,"205":0,"206":0,"207":0,"208":0,"209":0,"210":0,"211":1,"212":0,"213":0,"214":0,"215":0,"216":1,"217":0,"218":0,"219":0,"220":1,"221":0,"222":0,"223":0,"224":0,"225":0,"226":0,"227":0,"228":0,"229":0,"230":0,"231":0,"232":0,"233":1,"234":0,"235":0,"236":0,"237":0,"238":0,"239":0,"240":0,"241":0,"242":0,"243":0,"244":0,"245":0,"246":0,"247":0,"248":1,"249":0,"250":0,"251":0,"252":0,"253":0,"254":0,"255":0,"256":0,"257":0,"258":1,"259":0,"260":0,"261":0,"262":0,"263":0,"264":0,"265":0,"266":0,"267":1,"268":0,"269":0,"270":0,"271":0,"272":0,"273":0,"274":0,"275":0,"276":1,"277":0,"278":1,"279":0,"280":0,"281":0,"282":0,"283":0,"284":0,"285":0,"286":0,"287":0,"288":0,"289":0,"290":0,"291":0,"292":0,"293":0,"294":0,"295":0,"296":0,"297":0,"298":0,"299":0,"300":0,"301":0,"302":0,"303":0,"304":0,"305":1,"306":0,"307":0,"308":0,"309":0,"310":0,"311":0,"312":0,"313":0,"314":0,"315":0,"316":0,"317":0,"318":0,"319":0,"320":0,"321":1,"322":0,"323":0,"324":0,"325":0,"326":0,"327":0,"328":0,"329":0,"330":0,"331":0,"332":0,"333":1},"b":{"1":[0,0],"2":[0,0],"3":[0,0],"4":[0,0],"5":[0,0],"6":[0,0],"7":[0,0],"8":[0,0],"9":[0,0],"10":[0,0],"11":[0,0],"12":[0,0],"13":[0,0],"14":[0,0],"15":[0,0],"16":[0,0],"17":[0,0],"18":[0,0],"19":[0,0],"20":[0,0],"21":[0,0],"22":[0,0],"23":[0,0],"24":[0,0],"25":[0,0],"26":[0,0],"27":[0,0],"28":[0,0],"29":[0,0],"30":[0,0],"31":[0,0],"32":[0,0],"33":[0,0],"34":[0,0],"35":[0,0],"36":[0,0],"37":[0,0],"38":[0,0],"39":[0,0],"40":[0,0],"41":[0,0],"42":[0,0],"43":[0,0],"44":[0,0],"45":[0,0],"46":[0,0],"47":[0,0],"48":[0,0],"49":[0,0],"50":[0,0],"51":[0,0],"52":[0,0],"53":[0,0],"54":[0,0],"55":[0,0],"56":[0,0],"57":[0,0],"58":[0,0],"59":[0,0],"60":[0,0],"61":[0,0],"62":[0,0],"63":[0,0],"64":[0,0],"65":[0,0],"66":[0,0],"67":[0,0],"68":[0,0],"69":[0,0],"70":[0,0],"71":[0,0],"72":[0,0],"73":[0,0],"74":[0,0],"75":[0,0],"76":[0,0],"77":[0,0],"78":[0,0],"79":[0,0],"80":[0,0],"81":[0,0],"82":[0,0],"83":[0,0],"84":[0,0],"85":[0,0],"86":[0,0]},"f":{"1":1,"2":1,"3":0,"4":0,"5":0,"6":0,"7":0,"8":0,"9":0,"10":0,"11":0,"12":0,"13":0,"14":0,"15":0,"16":0,"17":0,"18":0,"19":0,"20":0,"21":0,"22":0,"23":0,"24":0,"25":0,"26":0,"27":0,"28":0,"29":0,"30":0,"31":0,"32":0,"33":0,"34":0,"35":0,"36":0,"37":0,"38":0,"39":0,"40":0,"41":0,"42":0,"43":0,"44":0,"45":0,"46":0,"47":0,"48":0,"49":0,"50":0,"51":0,"52":0,"53":0,"54":0,"55":0,"56":0,"57":0,"58":0,"59":0,"60":0,"61":0,"62":0,"63":0,"64":0,"65":0,"66":0,"67":0,"68":0,"69":0,"70":0,"71":0,"72":0,"73":0,"74":0,"75":0,"76":0},"fnMap":{"1":{"name":"(anonymous_1)","line":2,"loc":{"start":{"line":2,"column":1},"end":{"line":2,"column":12}}},"2":{"name":"(anonymous_2)","line":25,"loc":{"start":{"line":25,"column":27},"end":{"line":25,"column":38}}},"3":{"name":"Repo","line":26,"loc":{"start":{"line":26,"column":4},"end":{"line":26,"column":43}}},"4":{"name":"(anonymous_4)","line":38,"loc":{"start":{"line":38,"column":30},"end":{"line":38,"column":49}}},"5":{"name":"(anonymous_5)","line":39,"loc":{"start":{"line":39,"column":53},"end":{"line":39,"column":69}}},"6":{"name":"(anonymous_6)","line":40,"loc":{"start":{"line":40,"column":15},"end":{"line":40,"column":37}}},"7":{"name":"(anonymous_7)","line":49,"loc":{"start":{"line":49,"column":56},"end":{"line":49,"column":78}}},"8":{"name":"(anonymous_8)","line":64,"loc":{"start":{"line":64,"column":30},"end":{"line":64,"column":56}}},"9":{"name":"(anonymous_9)","line":65,"loc":{"start":{"line":65,"column":80},"end":{"line":65,"column":96}}},"10":{"name":"(anonymous_10)","line":66,"loc":{"start":{"line":66,"column":15},"end":{"line":66,"column":29}}},"11":{"name":"(anonymous_11)","line":70,"loc":{"start":{"line":70,"column":82},"end":{"line":70,"column":96}}},"12":{"name":"(anonymous_12)","line":80,"loc":{"start":{"line":80,"column":29},"end":{"line":80,"column":68}}},"13":{"name":"(anonymous_13)","line":112,"loc":{"start":{"line":112,"column":39},"end":{"line":112,"column":58}}},"14":{"name":"(anonymous_14)","line":113,"loc":{"start":{"line":113,"column":49},"end":{"line":113,"column":65}}},"15":{"name":"(anonymous_15)","line":114,"loc":{"start":{"line":114,"column":15},"end":{"line":114,"column":45}}},"16":{"name":"(anonymous_16)","line":123,"loc":{"start":{"line":123,"column":36},"end":{"line":123,"column":55}}},"17":{"name":"(anonymous_17)","line":124,"loc":{"start":{"line":124,"column":37},"end":{"line":124,"column":53}}},"18":{"name":"(anonymous_18)","line":125,"loc":{"start":{"line":125,"column":15},"end":{"line":125,"column":40}}},"19":{"name":"(anonymous_19)","line":134,"loc":{"start":{"line":134,"column":26},"end":{"line":134,"column":44}}},"20":{"name":"(anonymous_20)","line":141,"loc":{"start":{"line":141,"column":26},"end":{"line":141,"column":53}}},"21":{"name":"(anonymous_21)","line":162,"loc":{"start":{"line":162,"column":84},"end":{"line":162,"column":100}}},"22":{"name":"(anonymous_22)","line":163,"loc":{"start":{"line":163,"column":15},"end":{"line":163,"column":45}}},"23":{"name":"(anonymous_23)","line":176,"loc":{"start":{"line":176,"column":29},"end":{"line":176,"column":48}}},"24":{"name":"(anonymous_24)","line":180,"loc":{"start":{"line":180,"column":33},"end":{"line":180,"column":52}}},"25":{"name":"(anonymous_25)","line":184,"loc":{"start":{"line":184,"column":32},"end":{"line":184,"column":62}}},"26":{"name":"(anonymous_26)","line":185,"loc":{"start":{"line":185,"column":56},"end":{"line":185,"column":86}}},"27":{"name":"(anonymous_27)","line":190,"loc":{"start":{"line":190,"column":35},"end":{"line":190,"column":60}}},"28":{"name":"(anonymous_28)","line":191,"loc":{"start":{"line":191,"column":50},"end":{"line":191,"column":80}}},"29":{"name":"(anonymous_29)","line":196,"loc":{"start":{"line":196,"column":36},"end":{"line":196,"column":66}}},"30":{"name":"(anonymous_30)","line":197,"loc":{"start":{"line":197,"column":66},"end":{"line":197,"column":96}}},"31":{"name":"(anonymous_31)","line":202,"loc":{"start":{"line":202,"column":36},"end":{"line":202,"column":66}}},"32":{"name":"(anonymous_32)","line":203,"loc":{"start":{"line":203,"column":57},"end":{"line":203,"column":87}}},"33":{"name":"(anonymous_33)","line":208,"loc":{"start":{"line":208,"column":39},"end":{"line":208,"column":69}}},"34":{"name":"(anonymous_34)","line":209,"loc":{"start":{"line":209,"column":69},"end":{"line":209,"column":99}}},"35":{"name":"(anonymous_35)","line":214,"loc":{"start":{"line":214,"column":34},"end":{"line":214,"column":68}}},"36":{"name":"(anonymous_36)","line":219,"loc":{"start":{"line":219,"column":46},"end":{"line":219,"column":76}}},"37":{"name":"(anonymous_37)","line":224,"loc":{"start":{"line":224,"column":33},"end":{"line":224,"column":75}}},"38":{"name":"(anonymous_38)","line":237,"loc":{"start":{"line":237,"column":45},"end":{"line":237,"column":75}}},"39":{"name":"(anonymous_39)","line":242,"loc":{"start":{"line":242,"column":27},"end":{"line":242,"column":61}}},"40":{"name":"(anonymous_40)","line":247,"loc":{"start":{"line":247,"column":46},"end":{"line":247,"column":76}}},"41":{"name":"(anonymous_41)","line":252,"loc":{"start":{"line":252,"column":28},"end":{"line":252,"column":56}}},"42":{"name":"(anonymous_42)","line":260,"loc":{"start":{"line":260,"column":30},"end":{"line":260,"column":65}}},"43":{"name":"(anonymous_43)","line":270,"loc":{"start":{"line":270,"column":19},"end":{"line":270,"column":30}}},"44":{"name":"(anonymous_44)","line":281,"loc":{"start":{"line":281,"column":70},"end":{"line":281,"column":86}}},"45":{"name":"(anonymous_45)","line":282,"loc":{"start":{"line":282,"column":15},"end":{"line":282,"column":45}}},"46":{"name":"(anonymous_46)","line":291,"loc":{"start":{"line":291,"column":28},"end":{"line":291,"column":47}}},"47":{"name":"(anonymous_47)","line":295,"loc":{"start":{"line":295,"column":26},"end":{"line":295,"column":45}}},"48":{"name":"(anonymous_48)","line":299,"loc":{"start":{"line":299,"column":32},"end":{"line":299,"column":66}}},"49":{"name":"(anonymous_49)","line":307,"loc":{"start":{"line":307,"column":32},"end":{"line":307,"column":57}}},"50":{"name":"(anonymous_50)","line":313,"loc":{"start":{"line":313,"column":30},"end":{"line":313,"column":49}}},"51":{"name":"(anonymous_51)","line":317,"loc":{"start":{"line":317,"column":35},"end":{"line":317,"column":60}}},"52":{"name":"(anonymous_52)","line":318,"loc":{"start":{"line":318,"column":42},"end":{"line":318,"column":72}}},"53":{"name":"(anonymous_53)","line":323,"loc":{"start":{"line":323,"column":35},"end":{"line":323,"column":60}}},"54":{"name":"(anonymous_54)","line":326,"loc":{"start":{"line":326,"column":15},"end":{"line":326,"column":45}}},"55":{"name":"(anonymous_55)","line":331,"loc":{"start":{"line":331,"column":28},"end":{"line":331,"column":53}}},"56":{"name":"(anonymous_56)","line":339,"loc":{"start":{"line":339,"column":29},"end":{"line":339,"column":50}}},"57":{"name":"(anonymous_57)","line":355,"loc":{"start":{"line":355,"column":30},"end":{"line":355,"column":67}}},"58":{"name":"(anonymous_58)","line":363,"loc":{"start":{"line":363,"column":27},"end":{"line":363,"column":55}}},"59":{"name":"(anonymous_59)","line":370,"loc":{"start":{"line":370,"column":27},"end":{"line":370,"column":64}}},"60":{"name":"(anonymous_60)","line":390,"loc":{"start":{"line":390,"column":34},"end":{"line":390,"column":69}}},"61":{"name":"(anonymous_61)","line":413,"loc":{"start":{"line":413,"column":28},"end":{"line":413,"column":65}}},"62":{"name":"(anonymous_62)","line":430,"loc":{"start":{"line":430,"column":25},"end":{"line":430,"column":60}}},"63":{"name":"(anonymous_63)","line":444,"loc":{"start":{"line":444,"column":28},"end":{"line":444,"column":63}}},"64":{"name":"(anonymous_64)","line":458,"loc":{"start":{"line":458,"column":28},"end":{"line":458,"column":52}}},"65":{"name":"(anonymous_65)","line":462,"loc":{"start":{"line":462,"column":26},"end":{"line":462,"column":71}}},"66":{"name":"(anonymous_66)","line":473,"loc":{"start":{"line":473,"column":26},"end":{"line":473,"column":42}}},"67":{"name":"(anonymous_67)","line":474,"loc":{"start":{"line":474,"column":15},"end":{"line":474,"column":37}}},"68":{"name":"(anonymous_68)","line":478,"loc":{"start":{"line":478,"column":56},"end":{"line":478,"column":86}}},"69":{"name":"(anonymous_69)","line":482,"loc":{"start":{"line":482,"column":59},"end":{"line":482,"column":89}}},"70":{"name":"(anonymous_70)","line":486,"loc":{"start":{"line":486,"column":61},"end":{"line":486,"column":91}}},"71":{"name":"(anonymous_71)","line":491,"loc":{"start":{"line":491,"column":57},"end":{"line":491,"column":87}}},"72":{"name":"(anonymous_72)","line":507,"loc":{"start":{"line":507,"column":26},"end":{"line":507,"column":71}}},"73":{"name":"(anonymous_73)","line":518,"loc":{"start":{"line":518,"column":26},"end":{"line":518,"column":42}}},"74":{"name":"(anonymous_74)","line":519,"loc":{"start":{"line":519,"column":15},"end":{"line":519,"column":37}}},"75":{"name":"(anonymous_75)","line":523,"loc":{"start":{"line":523,"column":57},"end":{"line":523,"column":87}}},"76":{"name":"(anonymous_76)","line":533,"loc":{"start":{"line":533,"column":35},"end":{"line":533,"column":59}}}},"statementMap":{"1":{"start":{"line":2,"column":0},"end":{"line":555,"column":14}},"2":{"start":{"line":3,"column":2},"end":{"line":3,"column":83}},"3":{"start":{"line":5,"column":2},"end":{"line":5,"column":28}},"4":{"start":{"line":7,"column":2},"end":{"line":7,"column":25}},"5":{"start":{"line":9,"column":2},"end":{"line":9,"column":29}},"6":{"start":{"line":11,"column":2},"end":{"line":11,"column":31}},"7":{"start":{"line":13,"column":2},"end":{"line":13,"column":31}},"8":{"start":{"line":15,"column":2},"end":{"line":15,"column":27}},"9":{"start":{"line":17,"column":2},"end":{"line":17,"column":27}},"10":{"start":{"line":19,"column":2},"end":{"line":19,"column":25}},"11":{"start":{"line":21,"column":2},"end":{"line":21,"column":31}},"12":{"start":{"line":23,"column":2},"end":{"line":23,"column":57}},"13":{"start":{"line":25,"column":2},"end":{"line":553,"column":7}},"14":{"start":{"line":26,"column":4},"end":{"line":36,"column":5}},"15":{"start":{"line":27,"column":6},"end":{"line":27,"column":23}},"16":{"start":{"line":28,"column":6},"end":{"line":28,"column":23}},"17":{"start":{"line":29,"column":6},"end":{"line":29,"column":37}},"18":{"start":{"line":30,"column":6},"end":{"line":34,"column":7}},"19":{"start":{"line":31,"column":8},"end":{"line":31,"column":33}},"20":{"start":{"line":33,"column":8},"end":{"line":33,"column":43}},"21":{"start":{"line":35,"column":6},"end":{"line":35,"column":64}},"22":{"start":{"line":38,"column":4},"end":{"line":62,"column":6}},"23":{"start":{"line":39,"column":6},"end":{"line":61,"column":16}},"24":{"start":{"line":40,"column":8},"end":{"line":60,"column":10}},"25":{"start":{"line":41,"column":10},"end":{"line":41,"column":20}},"26":{"start":{"line":42,"column":10},"end":{"line":44,"column":11}},"27":{"start":{"line":43,"column":12},"end":{"line":43,"column":24}},"28":{"start":{"line":45,"column":10},"end":{"line":47,"column":11}},"29":{"start":{"line":46,"column":12},"end":{"line":46,"column":33}},"30":{"start":{"line":48,"column":10},"end":{"line":48,"column":58}},"31":{"start":{"line":49,"column":10},"end":{"line":59,"column":13}},"32":{"start":{"line":50,"column":12},"end":{"line":50,"column":21}},"33":{"start":{"line":51,"column":12},"end":{"line":53,"column":13}},"34":{"start":{"line":52,"column":14},"end":{"line":52,"column":26}},"35":{"start":{"line":54,"column":12},"end":{"line":56,"column":13}},"36":{"start":{"line":55,"column":14},"end":{"line":55,"column":35}},"37":{"start":{"line":57,"column":12},"end":{"line":57,"column":59}},"38":{"start":{"line":58,"column":12},"end":{"line":58,"column":58}},"39":{"start":{"line":64,"column":4},"end":{"line":78,"column":6}},"40":{"start":{"line":65,"column":6},"end":{"line":77,"column":16}},"41":{"start":{"line":66,"column":8},"end":{"line":76,"column":10}},"42":{"start":{"line":67,"column":10},"end":{"line":69,"column":11}},"43":{"start":{"line":68,"column":12},"end":{"line":68,"column":33}},"44":{"start":{"line":70,"column":10},"end":{"line":75,"column":13}},"45":{"start":{"line":71,"column":12},"end":{"line":73,"column":13}},"46":{"start":{"line":72,"column":14},"end":{"line":72,"column":35}},"47":{"start":{"line":74,"column":12},"end":{"line":74,"column":34}},"48":{"start":{"line":80,"column":4},"end":{"line":110,"column":6}},"49":{"start":{"line":81,"column":6},"end":{"line":81,"column":36}},"50":{"start":{"line":82,"column":6},"end":{"line":84,"column":7}},"51":{"start":{"line":83,"column":8},"end":{"line":83,"column":68}},"52":{"start":{"line":85,"column":6},"end":{"line":87,"column":7}},"53":{"start":{"line":86,"column":8},"end":{"line":86,"column":70}},"54":{"start":{"line":88,"column":6},"end":{"line":90,"column":7}},"55":{"start":{"line":89,"column":8},"end":{"line":89,"column":70}},"56":{"start":{"line":91,"column":6},"end":{"line":93,"column":7}},"57":{"start":{"line":92,"column":8},"end":{"line":92,"column":50}},"58":{"start":{"line":94,"column":6},"end":{"line":96,"column":7}},"59":{"start":{"line":95,"column":8},"end":{"line":95,"column":25}},"60":{"start":{"line":97,"column":6},"end":{"line":99,"column":7}},"61":{"start":{"line":98,"column":8},"end":{"line":98,"column":19}},"62":{"start":{"line":100,"column":6},"end":{"line":102,"column":7}},"63":{"start":{"line":101,"column":8},"end":{"line":101,"column":17}},"64":{"start":{"line":103,"column":6},"end":{"line":105,"column":8}},"65":{"start":{"line":106,"column":6},"end":{"line":108,"column":7}},"66":{"start":{"line":107,"column":8},"end":{"line":107,"column":37}},"67":{"start":{"line":109,"column":6},"end":{"line":109,"column":61}},"68":{"start":{"line":112,"column":4},"end":{"line":121,"column":6}},"69":{"start":{"line":113,"column":6},"end":{"line":120,"column":16}},"70":{"start":{"line":114,"column":8},"end":{"line":119,"column":10}},"71":{"start":{"line":115,"column":10},"end":{"line":117,"column":11}},"72":{"start":{"line":116,"column":12},"end":{"line":116,"column":33}},"73":{"start":{"line":118,"column":10},"end":{"line":118,"column":61}},"74":{"start":{"line":123,"column":4},"end":{"line":132,"column":6}},"75":{"start":{"line":124,"column":6},"end":{"line":131,"column":16}},"76":{"start":{"line":125,"column":8},"end":{"line":130,"column":10}},"77":{"start":{"line":126,"column":10},"end":{"line":128,"column":11}},"78":{"start":{"line":127,"column":12},"end":{"line":127,"column":33}},"79":{"start":{"line":129,"column":10},"end":{"line":129,"column":57}},"80":{"start":{"line":134,"column":4},"end":{"line":139,"column":6}},"81":{"start":{"line":135,"column":6},"end":{"line":137,"column":7}},"82":{"start":{"line":136,"column":8},"end":{"line":136,"column":27}},"83":{"start":{"line":138,"column":6},"end":{"line":138,"column":37}},"84":{"start":{"line":141,"column":4},"end":{"line":174,"column":6}},"85":{"start":{"line":142,"column":6},"end":{"line":142,"column":47}},"86":{"start":{"line":143,"column":6},"end":{"line":143,"column":58}},"87":{"start":{"line":144,"column":6},"end":{"line":155,"column":7}},"88":{"start":{"line":145,"column":8},"end":{"line":145,"column":32}},"89":{"start":{"line":146,"column":13},"end":{"line":155,"column":7}},"90":{"start":{"line":147,"column":8},"end":{"line":147,"column":32}},"91":{"start":{"line":148,"column":8},"end":{"line":152,"column":9}},"92":{"start":{"line":149,"column":10},"end":{"line":149,"column":31}},"93":{"start":{"line":150,"column":15},"end":{"line":152,"column":9}},"94":{"start":{"line":151,"column":10},"end":{"line":151,"column":33}},"95":{"start":{"line":153,"column":13},"end":{"line":155,"column":7}},"96":{"start":{"line":154,"column":8},"end":{"line":154,"column":112}},"97":{"start":{"line":156,"column":6},"end":{"line":158,"column":7}},"98":{"start":{"line":157,"column":8},"end":{"line":157,"column":29}},"99":{"start":{"line":159,"column":6},"end":{"line":161,"column":7}},"100":{"start":{"line":160,"column":8},"end":{"line":160,"column":29}},"101":{"start":{"line":162,"column":6},"end":{"line":173,"column":26}},"102":{"start":{"line":163,"column":8},"end":{"line":172,"column":10}},"103":{"start":{"line":164,"column":10},"end":{"line":166,"column":11}},"104":{"start":{"line":165,"column":12},"end":{"line":165,"column":33}},"105":{"start":{"line":167,"column":10},"end":{"line":171,"column":11}},"106":{"start":{"line":168,"column":12},"end":{"line":168,"column":64}},"107":{"start":{"line":170,"column":12},"end":{"line":170,"column":60}},"108":{"start":{"line":176,"column":4},"end":{"line":178,"column":6}},"109":{"start":{"line":177,"column":6},"end":{"line":177,"column":57}},"110":{"start":{"line":180,"column":4},"end":{"line":182,"column":6}},"111":{"start":{"line":181,"column":6},"end":{"line":181,"column":45}},"112":{"start":{"line":184,"column":4},"end":{"line":188,"column":6}},"113":{"start":{"line":185,"column":6},"end":{"line":187,"column":9}},"114":{"start":{"line":186,"column":8},"end":{"line":186,"column":29}},"115":{"start":{"line":190,"column":4},"end":{"line":194,"column":6}},"116":{"start":{"line":191,"column":6},"end":{"line":193,"column":9}},"117":{"start":{"line":192,"column":8},"end":{"line":192,"column":29}},"118":{"start":{"line":196,"column":4},"end":{"line":200,"column":6}},"119":{"start":{"line":197,"column":6},"end":{"line":199,"column":9}},"120":{"start":{"line":198,"column":8},"end":{"line":198,"column":29}},"121":{"start":{"line":202,"column":4},"end":{"line":206,"column":6}},"122":{"start":{"line":203,"column":6},"end":{"line":205,"column":9}},"123":{"start":{"line":204,"column":8},"end":{"line":204,"column":29}},"124":{"start":{"line":208,"column":4},"end":{"line":212,"column":6}},"125":{"start":{"line":209,"column":6},"end":{"line":211,"column":9}},"126":{"start":{"line":210,"column":8},"end":{"line":210,"column":29}},"127":{"start":{"line":214,"column":4},"end":{"line":222,"column":6}},"128":{"start":{"line":215,"column":6},"end":{"line":215,"column":15}},"129":{"start":{"line":216,"column":6},"end":{"line":218,"column":7}},"130":{"start":{"line":217,"column":8},"end":{"line":217,"column":74}},"131":{"start":{"line":219,"column":6},"end":{"line":221,"column":9}},"132":{"start":{"line":220,"column":8},"end":{"line":220,"column":29}},"133":{"start":{"line":224,"column":4},"end":{"line":240,"column":6}},"134":{"start"
[...]
,"column":10},"end":{"line":60,"column":10}},{"start":{"line":60,"column":10},"end":{"line":60,"column":10}}]}},"code":["// Generated by CoffeeScript 1.9.1","(function() {","  var Actor, Commit, Ref, Tag, _,","    extend = function(child, parent) { for (var key in parent) { if (hasProp.call(parent, key)) child[key] = parent[key]; } function ctor() { this.constructor = child; } ctor.prototype = parent.prototype; child.prototype = new ctor(); child.__super__ = parent.prototype; return child; },","    hasProp = {}.hasOwnProperty;","","  _ = require('underscore');","","  Commit = require('./commit');","","  Actor = require('./actor');","","  Ref = require('./ref').Ref;","","  module.exports = Tag = (function(superClass) {","    extend(Tag, superClass);","","    function Tag() {","      return Tag.__super__.constructor.apply(this, arguments);","    }","","    Tag.find_all = function(repo, callback) {","      return Ref.find_all(repo, \"tag\", Tag, callback);","    };","","    Tag.prototype.message = function(callback) {","      return this.lazy(function(err, data) {","        if (err) {","          return callback(err);","        }","        return callback(null, data.message);","      });","    };","","    Tag.prototype.tagger = function(callback) {","      return this.lazy(function(err, data) {","        if (err) {","          return callback(err);","        }","        return callback(null, data.tagger);","      });","    };","","    Tag.prototype.tag_date = function(callback) {","      return this.lazy(function(err, data) {","        if (err) {","          return callback(err);","        }","        return callback(null, data.tag_date);","      });","    };","","    Tag.prototype.lazy = function(callback) {","      if (this._lazy_data) {","        return callback(null, this._lazy_data);","      }","      return this.repo.git(\"cat-file\", {}, [\"tag\", this.name], (function(_this) {","        return function(err, stdout, stderr) {","          var author, author_line, data, epoch, line, lines, m, message, ref;","          if (err) {","            return callback(err);","          }","          lines = stdout.split(\"\\n\");","          data = {};","          lines.shift();","          lines.shift();","          lines.shift();","          author_line = lines.shift();","          ref = /^.+? (.*) (\\d+) .*$/.exec(author_line), m = ref[0], author = ref[1], epoch = ref[2];","          data.tagger = Actor.from_string(author);","          data.tag_date = new Date(epoch);","          lines.shift();","          message = [];","          while (line = lines.shift()) {","            message.push(line);","          }","          data.message = message.join(\"\\n\");","          return callback(null, (_this._lazy_data = data));","        };","      })(this));","    };","","    return Tag;","","  })(Ref);","","}).call(this);",""],"l":{"2":1,"3":1,"4":1,"7":1,"9":1,"11":1,"13":1,"15":1,"16":1,"18":1,"19":0,"22":1,"23":0,"26":1,"27":0,"28":0,"29":0,"31":0,"35":1,"36":0,"37":0,"38":0,"40":0,"44":1,"45":0,"46":0,"47":0,"49":0,"53":1,"54":0,"55":0,"57":0,"58":0,"59":0,"60":0,"61":0,"63":0,"64":0,"65":0,"66":0,"67":0,"68":0,"69":0,"70":0,"71":0,"72":0,"73":0,"74":0,"75":0,"77":0,"78":0,"83":1}},"/home/travis/build/npmtest/node-npmtest-gift/node_modules/gift/lib/ref.js":{"path":"/home/travis/build/npmtest/node-npmtest-gift/node_modules/gift/lib/ref.js","s":{"1":1,"2":1,"3":1,"4":1,"5":1,"6":1,"7":1,"8":1,"9":1,"10":1,"11":1,"12":1,"13":1,"14":1,"15":1,"16":0,"17":0,"18":0,"19":1,"20":0,"21":1,"22":0,"23":0,"24":0,"25":0,"26":0,"27":0,"28":0,"29":0,"30":0,"31":0,"32":0,"33":0,"34":0,"35":0,"36":0,"37":0,"38":0,"39":0,"40":0,"41":0,"42":0,"43":0,"44":0,"45":1,"46":1,"47":1,"48":1,"49":0,"50":1,"51":0,"52":1,"53":0,"54":0,"55":0,"56":0,"57":0,"58":0,"59":0,"60":0,"61":0,"62":0,"63":0,"64":0,"65":0,"66":1},"b":{"1":[1,0],"2":[0,0],"3":[0,0],"4":[0,0],"5":[0,0],"6":[0,0],"7":[0,0]},"f":{"1":1,"2":1,"3":1,"4":1,"5":0,"6":0,"7":0,"8":0,"9":0,"10":1,"11":0,"12":0,"13":0,"14":0,"15":0,"16":0},"fnMap":{"1":{"name":"(anonymous_1)","line":2,"loc":{"start":{"line":2,"column":1},"end":{"line":2,"column":12}}},"2":{"name":"(anonymous_2)","line":4,"loc":{"start":{"line":4,"column":13},"end":{"line":4,"column":37}}},"3":{"name":"ctor","line":4,"loc":{"start":{"line":4,"column":124},"end":{"line":4,"column":140}}},"4":{"name":"(anonymous_4)","line":11,"loc":{"start":{"line":11,"column":23},"end":{"line":11,"column":34}}},"5":{"name":"Ref","line":12,"loc":{"start":{"line":12,"column":4},"end":{"line":12,"column":33}}},"6":{"name":"(anonymous_6)","line":18,"loc":{"start":{"line":18,"column":29},"end":{"line":18,"column":40}}},"7":{"name":"(anonymous_7)","line":22,"loc":{"start":{"line":22,"column":19},"end":{"line":22,"column":60}}},"8":{"name":"(anonymous_8)","line":23,"loc":{"start":{"line":23,"column":37},"end":{"line":23,"column":57}}},"9":{"name":"(anonymous_9)","line":40,"loc":{"start":{"line":40,"column":46},"end":{"line":40,"column":69}}},"10":{"name":"(anonymous_10)","line":59,"loc":{"start":{"line":59,"column":25},"end":{"line":59,"column":46}}},"11":{"name":"Head","line":62,"loc":{"start":{"line":62,"column":4},"end":{"line":62,"column":20}}},"12":{"name":"(anonymous_12)","line":66,"loc":{"start":{"line":66,"column":20},"end":{"line":66,"column":45}}},"13":{"name":"(anonymous_13)","line":70,"loc":{"start":{"line":70,"column":19},"end":{"line":70,"column":44}}},"14":{"name":"(anonymous_14)","line":71,"loc":{"start":{"line":71,"column":49},"end":{"line":71,"column":69}}},"15":{"name":"(anonymous_15)","line":81,"loc":{"start":{"line":81,"column":67},"end":{"line":81,"column":85}}},"16":{"name":"(anonymous_16)","line":82,"loc":{"start":{"line":82,"column":39},"end":{"line":82,"column":61}}}},"statementMap":{"1":{"start":{"line":2,"column":0},"end":{"line":96,"column":14}},"2":{"start":{"line":3,"column":2},"end":{"line":5,"column":32}},"3":{"start":{"line":4,"column":39},"end":{"line":4,"column":123}},"4":{"start":{"line":4,"column":65},"end":{"line":4,"column":121}},"5":{"start":{"line":4,"column":96},"end":{"line":4,"column":121}},"6":{"start":{"line":4,"column":124},"end":{"line":4,"column":169}},"7":{"start":{"line":4,"column":142},"end":{"line":4,"column":167}},"8":{"start":{"line":4,"column":170},"end":{"line":4,"column":204}},"9":{"start":{"line":4,"column":205},"end":{"line":4,"column":234}},"10":{"start":{"line":4,"column":235},"end":{"line":4,"column":270}},"11":{"start":{"line":4,"column":271},"end":{"line":4,"column":284}},"12":{"start":{"line":7,"column":2},"end":{"line":7,"column":21}},"13":{"start":{"line":9,"column":2},"end":{"line":9,"column":31}},"14":{"start":{"line":11,"column":2},"end":{"line":57,"column":7}},"15":{"start":{"line":12,"column":4},"end":{"line":16,"column":5}},"16":{"start":{"line":13,"column":6},"end":{"line":13,"column":24}},"17":{"start":{"line":14,"column":6},"end":{"line":14,"column":28}},"18":{"start":{"line":15,"column":6},"end":{"line":15,"column":35}},"19":{"start":{"line":18,"column":4},"end":{"line":20,"column":6}},"20":{"start":{"line":19,"column":6},"end":{"line":19,"column":42}},"21":{"start":{"line":22,"column":4},"end":{"line":53,"column":6}},"22":{"start":{"line":23,"column":6},"end":{"line":52,"column":9}},"23":{"start":{"line":24,"column":8},"end":{"line":24,"column":58}},"24":{"start":{"line":25,"column":8},"end":{"line":27,"column":9}},"25":{"start":{"line":26,"column":10},"end":{"line":26,"column":31}},"26":{"start":{"line":28,"column":8},"end":{"line":28,"column":19}},"27":{"start":{"line":29,"column":8},"end":{"line":29,"column":17}},"28":{"start":{"line":30,"column":8},"end":{"line":30,"column":32}},"29":{"start":{"line":31,"column":8},"end":{"line":39,"column":9}},"30":{"start":{"line":32,"column":10},"end":{"line":32,"column":24}},"31":{"start":{"line":33,"column":10},"end":{"line":35,"column":11}},"32":{"start":{"line":34,"column":12},"end":{"line":34,"column":21}},"33":{"start":{"line":36,"column":10},"end":{"line":36,"column":62}},"34":{"start":{"line":37,"column":10},"end":{"line":37,"column":27}},"35":{"start":{"line":38,"column":10},"end":{"line":38,"column":23}},"36":{"start":{"line":40,"column":8},"end":{"line":51,"column":11}},"37":{"start":{"line":41,"column":10},"end":{"line":41,"column":31}},"38":{"start":{"line":42,"column":10},"end":{"line":44,"column":11}},"39":{"start":{"line":43,"column":12},"end":{"line":43,"column":33}},"40":{"start":{"line":45,"column":10},"end":{"line":45,"column":20}},"41":{"start":{"line":46,"column":10},"end":{"line":49,"column":11}},"42":{"start":{"line":47,"column":12},"end":{"line":47,"column":28}},"43":{"start":{"line":48,"column":12},"end":{"line":48,"column":54}},"44":{"start":{"line":50,"column":10},"end":{"line":50,"column":38}},"45":{"start":{"line":55,"column":4},"end":{"line":55,"column":15}},"46":{"start":{"line":59,"column":2},"end":{"line":94,"column":10}},"47":{"start":{"line":60,"column":4},"end":{"line":60,"column":29}},"48":{"start":{"line":62,"column":4},"end":{"line":64,"column":5}},"49":{"start":{"line":63,"column":6},"end":{"line":63,"column":63}},"50":{"start":{"line":66,"column":4},"end":{"line":68,"column":6}},"51":{"start":{"line":67,"column":6},"end":{"line":67,"column":56}},"52":{"start":{"line":70,"column":4},"end":{"line":90,"column":6}},"53":{"start":{"line":71,"column":6},"end":{"line":89,"column":9}},"54":{"start":{"line":72,"column":8},"end":{"line":72,"column":27}},"55":{"start":{"line":73,"column":8},"end":{"line":75,"column":9}},"56":{"start":{"line":74,"column":10},"end":{"line":74,"column":31}},"57":{"start":{"line":76,"column":8},"end":{"line":76,"column":54}},"58":{"start":{"line":77,"column":8},"end":{"line":79,"column":9}},"59":{"start":{"line":78,"column":10},"end":{"line":78,"column":78}},"60":{"start":{"line":80,"column":8},"end":{"line":80,"column":36}},"61":{"start":{"line":81,"column":8},"end":{"line":88,"column":11}},"62":{"start":{"line":82,"column":10},"end":{"line":87,"column":13}},"63":{"start":{"line":83,"column":12},"end":{"line":85,"column":13}},"64":{"start":{"line":84,"column":14},"end":{"line":84,"column":35}},"65":{"start":{"line":86,"column":12},"end":{"line":86,"column":60}},"66":{"start":{"line":92,"column":4},"end":{"line":92,"column":16}}},"branchMap":{"1":{"line":4,"type":"if","locations":[{"start":{"line":4,"column":65},"end":{"line":4,"column":65}},{"start":{"line":4,"column":65},"end":{"line":4,"column":65}}]},"2":{"line":25,"type":"if","locations":[{"start":{"line":25,"column":8},"end":{"line":25,"column":8}},{"start":{"line":25,"column":8},"end":{"line":25,"column":8}}]},"3":{"line":33,"type":"if","locations":[{"start":{"line":33,"column":10},"end":{"line":33,"column":10}},{"start":{"line":33,"column":10},"end":{"line":33,"column":10}}]},"4":{"line":42,"type":"if","locations":[{"start":{"line":42,"column":10},"end":{"line":42,"column":10}},{"start":{"line":42,"column":10},"end":{"line":42,"column":10}}]},"5":{"line":73,"type":"if","locations":[{"start":{"line":73,"column":8},"end":{"line":73,"column":8}},{"start":{"line":73,"column":8},"end":{"line":73,"column":8}}]},"6":{"line":77,"type":"if","locations":[{"start":{"line":77,"column":8},"end":{"line":77,"column":8}},{"start":{"line":77,"column":8},"end":{"line":77,"column":8}}]},"7":{"line":83,"type":"if","locations":[{"start":{"line":83,"column":12},"end":{"line":83,"column":12}},{"start":{"line":83,"column":12},"end":{"line":83,"column":12}}]}},"code":["// Generated by CoffeeScript 1.9.1","(function() {","  var Commit, Head, Ref, fs,","    extend = function(child, parent) { for (var key in parent) { if (hasProp.call(parent, key)) child[key] = parent[key]; } function ctor() { this.constructor = child; } ctor.prototype = parent.prototype; child.prototype = new ctor(); child.__super__ = parent.prototype; return child; },","    hasProp = {}.hasOwnProperty;","","  fs = require('fs');","","  Commit = require('./commit');","","  exports.Ref = Ref = (function() {","    function Ref(name1, commit1) {","      this.name = name1;","      this.commit = commit1;","      this.repo = this.commit.repo;","    }","","    Ref.prototype.toString = function() {","      return \"#<Ref '\" + this.name + \"'>\";","    };","","    Ref.find_all = function(repo, type, RefClass, callback) {","      return repo.git.refs(type, {}, function(err, text) {","        var id, ids, j, len, name, names, ref, ref1, ref2;","        if (err) {","          return callback(err);","        }","        names = [];","        ids = [];","        ref1 = text.split(\"\\n\");","        for (j = 0, len = ref1.length; j < len; j++) {","          ref = ref1[j];","          if (!ref) {","            continue;","          }","          ref2 = ref.split(' '), name = ref2[0], id = ref2[1];","          names.push(name);","          ids.push(id);","        }","        return Commit.find_commits(repo, ids, function(err, commits) {","          var i, k, len1, refs;","          if (err) {","            return callback(err);","          }","          refs = [];","          for (i = k = 0, len1 = names.length; k < len1; i = ++k) {","            name = names[i];","            refs.push(new RefClass(name, commits[i]));","          }","          return callback(null, refs);","        });","      });","    };","","    return Ref;","","  })();","","  exports.Head = Head = (function(superClass) {","    extend(Head, superClass);","","    function Head() {","      return Head.__super__.constructor.apply(this, arguments);","    }","","    Head.find_all = function(repo, callback) {","      return Ref.find_all(repo, \"head\", Head, callback);","    };","","    Head.current = function(repo, callback) {","      return fs.readFile(repo.dot_git + \"/HEAD\", function(err, data) {","        var branch, m, ref;","        if (err) {","          return callback(err);","        }","        ref = /ref: refs\\/heads\\/([^\\s]+)/.exec(data);","        if (!ref) {","          return callback(new Error(\"Current branch is not a valid branch.\"));","        }","        m = ref[0], branch = ref[1];","        return fs.readFile(repo.dot_git + \"/refs/heads/\" + branch, function(err, id) {","          return Commit.find(repo, id, function(err, commit) {","            if (err) {","              return callback(err);","            }","            return callback(null, new Head(branch, commit));","          });","        });","      });","    };","","    return Head;","","  })(Ref);","","}).call(this);",""],"l":{"2":1,"3":1,"4":1,"7":1,"9":1,"11":1,"12":1,"13":0,"14":0,"15":0,"18":1,"19":0,"22":1,"23":0,"24":0,"25":0,"26":0,"28":0,"29":0,"30":0,"31":0,"32":0,"33":0,"34":0,"36":0,"37":0,"38":0,"40":0,"41":0,"42":0,"43":0,"45":0,"46":0,"47":0,"48":0,"50":0,"55":1,"59":1,"60":1,"62":1,"63":0,"66":1,"67":0,"70":1,"71":0,"72":0,"73":0,"74":0,"76":0,"77":0,"78":0,"80":0,"81":0,"82":0,"83":0,"84":0,"86":0,"92":1}},"/home/travis/build/npmtest/node-npmtest-gift/node_modules/gift/lib/status.js":{"path":"/home/travis/build/npmtest/node-npmtest-gift/node_modules/gift/lib/status.js","s":{"1":1,"2":1,"3":1,"4":0,"5":0,"6":0,"7":0,"8":0,"9":1,"10":1,"11":0,"12":1,"13":0,"14":0,"15":0,"16":0,"17":0,"18":0,"19":0,"20":0,"21":0,"22":0,"23":0,"24":0,"25":0,"26":0,"27":0,"28":0,"29":1},"b":{"1":[0,0],"2":[0,0],"3":[0,0]},"f":{"1":1,"2":0,"3":0,"4":1,"5":0,"6":0},"fnMap":{"1":{"name":"(anonymous_1)","line":2,"loc":{"start":{"line":2,"column":1},"end":{"line":2,"column":12}}},"2":{"name":"(anonymous_2)","line":5,"loc":{"start":{"line":5,"column":23},"end":{"line":5,"column":57}}},"3":{"name":"(anonymous_3)","line":6,"loc":{"start":{"line":6,"column":51},"end":{"line":6,"column":81}}},"4":{"name":"(anonymous_4)","line":14,"loc":{"start":{"line":14,"column":23},"end":{"line":14,"column":34}}},"5":{"name":"Status","line":15,"loc":{"start":{"line":15,"column":4},"end":{"line":15,"column":27}}},"6":{"name":"(anonymous_6)","line":19,"loc":{"start":{"line":19,"column":29},"end":{"line":19,"column":44}}}},"statementMap":{"1":{"start":{"line":2,"column":0},"end":{"line":49,"column":14}},"2":{"start":{"line":3,"column":2},"end":{"line":3,"column":16}},"3":{"start":{"line":5,"column":2},"end":{"line":12,"column":4}},"4":{"start":{"line":6,"column":4},"end":{"line":11,"column":7}},"5":{"start":{"line":7,"column":6},"end":{"line":7,"column":17}},"6":{"start":{"line":8,"column":6},"end":{"line":8,"column":32}},"7":{"start":{"line":9,"column":6},"end":{"line":9,"column":27}},"8":{"start":{"line":10,"column":6},"end":{"line":10,"column":35}},"9":{"start":{"line":14,"column":2},"end":{"line":47,"column":7}},"10":{"start":{"line":15,"column":4},"end":{"line":17,"column":5}},"11":{"start":{"line":16,"column":6},"end":{"line":16,"column":24}},"12":{"start":{"line":19,"column":4},"end":{"line":43,"column":6}},"13":{"start":{"line":20,"column":6},"end":{"line":20,"column":49}},"14":{"start":{"line":21,"column":6},"end":{"line":21,"column":22}},"15":{"start":{"line":22,"column":6},"end":{"line":22,"column":37}},"16":{"start":{"line":23,"column":6},"end":{"line":23,"column":29}},"17":{"start":{"line":24,"column":6},"end":{"line":24,"column":19}},"18":{"start":{"line":25,"column":6},"end":{"line":41,"column":7}},"19":{"start":{"line":26,"column":8},"end":{"line":26,"column":22}},"20":{"start":{"line":27,"column":8},"end":{"line":29,"column":9}},"21":{"start":{"line":28,"column":10},"end":{"line":28,"column":19}},"22":{"start":{"line":30,"column":8},"end":{"line":30,"column":30}},"23":{"start":{"line":31,"column":8},"end":{"line":31,"column":33}},"24":{"start":{"line":32,"column":8},"end":{"line":35,"column":10}},"25":{"start":{"line":36,"column":8},"end":{"line":40,"column":9}},"26":{"start":{"line":37,"column":10},"end":{"line":37,"column":60}},"27":{"start":{"line":39,"column":10},"end":{"line":39,"column":31}},"28":{"start":{"line":42,"column":6},"end":{"line":42,"column":21}},"29":{"start":{"line":45,"column":4},"end":{"line":45,"column":18}}},"branchMap":{"1":{"line":27,"type":"if","locations":[{"start":{"line":27,"column":8},"end":{"line":27,"column":8}},{"start":{"line":27,"column":8},"end":{"line":27,"column":8}}]},"2":{"line":33,"type":"binary-expr","locations":[{"start":{"line":33,"column":18},"end":{"line":33,"column":33}},{"start":{"line":33,"column":37},"end":{"line":33,"column":52}}]},"3":{"line":36,"type":"if","locations":[{"start":{"line":36,"column":8},"end":{"line":36,"column":8}},{"start":{"line":36,"column":8},"end":{"line":36,"column":8}}]}},"code":["// Generated by CoffeeScript 1.9.1","(function() {","  var S, Status;","","  module.exports = S = function(repo, options, callback) {","    return repo.git(\"status --porcelain\", options, function(err, stdout, stderr) {","      var status;","      status = new Status(repo);","      status.parse(stdout);","      return callback(err, status);","    });","  };","","  S.Status = Status = (function() {","    function Status(repo1) {","      this.repo = repo1;","    }","","    Status.prototype.parse = function(text) {","      var file, i, len, line, ref, results, type;","      this.files = {};","      this.clean = text.length === 0;","      ref = text.split(\"\\n\");","      results = [];","      for (i = 0, len = ref.length; i < len; i++) {","        line = ref[i];","        if (line.length === 0) {","          continue;","        }","        file = line.substr(3);","        type = line.substr(0, 2);","        this.files[file] = {","          staged: line[0] !== \" \" && line[0] !== \"?\",","          tracked: line[0] !== \"?\"","        };","        if (type !== \"??\") {","          results.push(this.files[file].type = type.trim());","        } else {","          results.push(void 0);","        }","      }","      return results;","    };","","    return Status;","","  })();","","}).call(this);",""],"l":{"2":1,"3":1,"5":1,"6":0,"7":0,"8":0,"9":0,"10":0,"14":1,"15":1,"16":0,"19":1,"20":0,"21":0,"22":0,"23":0,"24":0,"25":0,"26":0,"27":0,"28":0,"30":0,"31":0,"32":0,"36":0,"37":0,"39":0,"42":0,"45":1}}}